{"/data/GIT/ethtax/index.js":{"path":"/data/GIT/ethtax/index.js","statementMap":{"0":{"start":{"line":3,"column":17},"end":{"line":3,"column":35}},"1":{"start":{"line":5,"column":0},"end":{"line":5,"column":7}}},"fnMap":{},"branchMap":{},"s":{"0":0,"1":0},"f":{},"b":{},"all":true},"/data/GIT/ethtax/src/app/app.itest.js":{"path":"/data/GIT/ethtax/src/app/app.itest.js","statementMap":{"0":{"start":{"line":3,"column":13},"end":{"line":3,"column":28}},"1":{"start":{"line":4,"column":0},"end":{"line":4,"column":38}},"2":{"start":{"line":6,"column":12},"end":{"line":6,"column":28}},"3":{"start":{"line":8,"column":15},"end":{"line":8,"column":26}},"4":{"start":{"line":9,"column":14},"end":{"line":9,"column":22}},"5":{"start":{"line":10,"column":13},"end":{"line":10,"column":21}},"6":{"start":{"line":12,"column":0},"end":{"line":24,"column":3}},"7":{"start":{"line":13,"column":2},"end":{"line":23,"column":5}},"8":{"start":{"line":14,"column":4},"end":{"line":22,"column":7}},"9":{"start":{"line":15,"column":6},"end":{"line":17,"column":9}},"10":{"start":{"line":16,"column":8},"end":{"line":16,"column":61}},"11":{"start":{"line":19,"column":6},"end":{"line":21,"column":9}},"12":{"start":{"line":20,"column":8},"end":{"line":20,"column":33}}},"fnMap":{"0":{"name":"(anonymous_0)","decl":{"start":{"line":12,"column":16},"end":{"line":12,"column":17}},"loc":{"start":{"line":12,"column":22},"end":{"line":24,"column":1}},"line":12},"1":{"name":"(anonymous_1)","decl":{"start":{"line":13,"column":31},"end":{"line":13,"column":32}},"loc":{"start":{"line":13,"column":37},"end":{"line":23,"column":3}},"line":13},"2":{"name":"(anonymous_2)","decl":{"start":{"line":14,"column":20},"end":{"line":14,"column":21}},"loc":{"start":{"line":14,"column":26},"end":{"line":22,"column":5}},"line":14},"3":{"name":"(anonymous_3)","decl":{"start":{"line":15,"column":41},"end":{"line":15,"column":42}},"loc":{"start":{"line":15,"column":47},"end":{"line":17,"column":7}},"line":15},"4":{"name":"(anonymous_4)","decl":{"start":{"line":19,"column":40},"end":{"line":19,"column":41}},"loc":{"start":{"line":19,"column":46},"end":{"line":21,"column":7}},"line":19}},"branchMap":{},"s":{"0":0,"1":0,"2":0,"3":0,"4":0,"5":0,"6":0,"7":0,"8":0,"9":0,"10":0,"11":0,"12":0},"f":{"0":0,"1":0,"2":0,"3":0,"4":0},"b":{},"all":true},"/data/GIT/ethtax/src/app/app.js":{"path":"/data/GIT/ethtax/src/app/app.js","statementMap":{"0":{"start":{"line":3,"column":10},"end":{"line":3,"column":33}},"1":{"start":{"line":4,"column":11},"end":{"line":4,"column":29}},"2":{"start":{"line":5,"column":19},"end":{"line":5,"column":40}},"3":{"start":{"line":7,"column":15},"end":{"line":7,"column":34}},"4":{"start":{"line":8,"column":20},"end":{"line":8,"column":52}},"5":{"start":{"line":9,"column":18},"end":{"line":9,"column":69}},"6":{"start":{"line":11,"column":13},"end":{"line":11,"column":59}},"7":{"start":{"line":12,"column":15},"end":{"line":12,"column":54}},"8":{"start":{"line":13,"column":17},"end":{"line":13,"column":51}},"9":{"start":{"line":14,"column":15},"end":{"line":14,"column":41}},"10":{"start":{"line":18,"column":0},"end":{"line":22,"column":3}},"11":{"start":{"line":19,"column":2},"end":{"line":19,"column":62}},"12":{"start":{"line":20,"column":2},"end":{"line":20,"column":99}},"13":{"start":{"line":20,"column":58},"end":{"line":20,"column":97}},"14":{"start":{"line":20,"column":75},"end":{"line":20,"column":90}},"15":{"start":{"line":21,"column":2},"end":{"line":21,"column":12}},"16":{"start":{"line":25,"column":2},"end":{"line":25,"column":19}},"17":{"start":{"line":26,"column":2},"end":{"line":26,"column":37}},"18":{"start":{"line":27,"column":2},"end":{"line":28,"column":41}},"19":{"start":{"line":28,"column":4},"end":{"line":28,"column":41}},"20":{"start":{"line":32,"column":2},"end":{"line":32,"column":62}},"21":{"start":{"line":36,"column":2},"end":{"line":36,"column":53}},"22":{"start":{"line":40,"column":2},"end":{"line":40,"column":28}},"23":{"start":{"line":41,"column":2},"end":{"line":41,"column":26}},"24":{"start":{"line":42,"column":2},"end":{"line":42,"column":32}},"25":{"start":{"line":44,"column":15},"end":{"line":44,"column":65}},"26":{"start":{"line":45,"column":23},"end":{"line":45,"column":79}},"27":{"start":{"line":46,"column":21},"end":{"line":46,"column":81}},"28":{"start":{"line":47,"column":2},"end":{"line":47,"column":38}},"29":{"start":{"line":48,"column":2},"end":{"line":48,"column":40}},"30":{"start":{"line":49,"column":2},"end":{"line":49,"column":31}},"31":{"start":{"line":53,"column":14},"end":{"line":53,"column":16}},"32":{"start":{"line":54,"column":2},"end":{"line":54,"column":37}},"33":{"start":{"line":55,"column":2},"end":{"line":55,"column":23}},"34":{"start":{"line":56,"column":2},"end":{"line":56,"column":24}},"35":{"start":{"line":57,"column":2},"end":{"line":57,"column":24}},"36":{"start":{"line":58,"column":2},"end":{"line":58,"column":51}},"37":{"start":{"line":59,"column":2},"end":{"line":59,"column":21}},"38":{"start":{"line":60,"column":2},"end":{"line":60,"column":52}},"39":{"start":{"line":61,"column":2},"end":{"line":61,"column":20}},"40":{"start":{"line":63,"column":2},"end":{"line":63,"column":23}},"41":{"start":{"line":81,"column":18},"end":{"line":81,"column":42}},"42":{"start":{"line":83,"column":2},"end":{"line":83,"column":47}},"43":{"start":{"line":84,"column":2},"end":{"line":84,"column":9}},"44":{"start":{"line":86,"column":2},"end":{"line":102,"column":3}},"45":{"start":{"line":87,"column":4},"end":{"line":88,"column":15}},"46":{"start":{"line":88,"column":6},"end":{"line":88,"column":15}},"47":{"start":{"line":100,"column":4},"end":{"line":100,"column":50}},"48":{"start":{"line":108,"column":15},"end":{"line":108,"column":19}},"49":{"start":{"line":109,"column":18},"end":{"line":109,"column":22}},"50":{"start":{"line":111,"column":19},"end":{"line":111,"column":72}},"51":{"start":{"line":112,"column":17},"end":{"line":112,"column":37}},"52":{"start":{"line":117,"column":31},"end":{"line":117,"column":81}},"53":{"start":{"line":118,"column":2},"end":{"line":118,"column":57}},"54":{"start":{"line":121,"column":0},"end":{"line":123,"column":2}}},"fnMap":{"0":{"name":"(anonymous_0)","decl":{"start":{"line":18,"column":33},"end":{"line":18,"column":34}},"loc":{"start":{"line":18,"column":56},"end":{"line":22,"column":1}},"line":18},"1":{"name":"(anonymous_1)","decl":{"start":{"line":20,"column":37},"end":{"line":20,"column":38}},"loc":{"start":{"line":20,"column":58},"end":{"line":20,"column":97}},"line":20},"2":{"name":"(anonymous_2)","decl":{"start":{"line":20,"column":69},"end":{"line":20,"column":70}},"loc":{"start":{"line":20,"column":75},"end":{"line":20,"column":90}},"line":20},"3":{"name":"logRecords","decl":{"start":{"line":24,"column":9},"end":{"line":24,"column":19}},"loc":{"start":{"line":24,"column":42},"end":{"line":29,"column":1}},"line":24},"4":{"name":"logBalanceValue","decl":{"start":{"line":31,"column":9},"end":{"line":31,"column":24}},"loc":{"start":{"line":31,"column":47},"end":{"line":33,"column":1}},"line":31},"5":{"name":"logYearendRecord","decl":{"start":{"line":35,"column":9},"end":{"line":35,"column":25}},"loc":{"start":{"line":35,"column":38},"end":{"line":37,"column":1}},"line":35},"6":{"name":"logEtherscanWallet","decl":{"start":{"line":39,"column":15},"end":{"line":39,"column":33}},"loc":{"start":{"line":39,"column":57},"end":{"line":50,"column":1}},"line":39},"7":{"name":"createReportHeader","decl":{"start":{"line":52,"column":9},"end":{"line":52,"column":27}},"loc":{"start":{"line":52,"column":43},"end":{"line":64,"column":1}},"line":52},"8":{"name":"createReportBody","decl":{"start":{"line":80,"column":15},"end":{"line":80,"column":31}},"loc":{"start":{"line":80,"column":47},"end":{"line":103,"column":1}},"line":80},"9":{"name":"main","decl":{"start":{"line":107,"column":15},"end":{"line":107,"column":19}},"loc":{"start":{"line":107,"column":23},"end":{"line":119,"column":1}},"line":107}},"branchMap":{"0":{"loc":{"start":{"line":87,"column":4},"end":{"line":88,"column":15}},"type":"if","locations":[{"start":{"line":87,"column":4},"end":{"line":88,"column":15}},{"start":{"line":87,"column":4},"end":{"line":88,"column":15}}],"line":87}},"s":{"0":0,"1":0,"2":0,"3":0,"4":0,"5":0,"6":0,"7":0,"8":0,"9":0,"10":0,"11":0,"12":0,"13":0,"14":0,"15":0,"16":0,"17":0,"18":0,"19":0,"20":0,"21":0,"22":0,"23":0,"24":0,"25":0,"26":0,"27":0,"28":0,"29":0,"30":0,"31":0,"32":0,"33":0,"34":0,"35":0,"36":0,"37":0,"38":0,"39":0,"40":0,"41":0,"42":0,"43":0,"44":0,"45":0,"46":0,"47":0,"48":0,"49":0,"50":0,"51":0,"52":0,"53":0,"54":0},"f":{"0":0,"1":0,"2":0,"3":0,"4":0,"5":0,"6":0,"7":0,"8":0,"9":0},"b":{"0":[0,0]},"all":true},"/data/GIT/ethtax/src/app/config.js":{"path":"/data/GIT/ethtax/src/app/config.js","statementMap":{"0":{"start":{"line":6,"column":0},"end":{"line":27,"column":2}},"1":{"start":{"line":26,"column":13},"end":{"line":26,"column":28}}},"fnMap":{"0":{"name":"(anonymous_0)","decl":{"start":{"line":26,"column":8},"end":{"line":26,"column":9}},"loc":{"start":{"line":26,"column":13},"end":{"line":26,"column":28}},"line":26}},"branchMap":{},"s":{"0":0,"1":0},"f":{"0":0},"b":{},"all":true},"/data/GIT/ethtax/src/deprecate-XXXX-accessors/account-accessors/coinbase-accessor/coinbase-accessor.js":{"path":"/data/GIT/ethtax/src/deprecate-XXXX-accessors/account-accessors/coinbase-accessor/coinbase-accessor.js","statementMap":{"0":{"start":{"line":3,"column":19},"end":{"line":3,"column":40}},"1":{"start":{"line":4,"column":15},"end":{"line":4,"column":32}},"2":{"start":{"line":5,"column":20},"end":{"line":5,"column":61}},"3":{"start":{"line":7,"column":17},"end":{"line":7,"column":30}},"4":{"start":{"line":8,"column":16},"end":{"line":8,"column":29}},"5":{"start":{"line":9,"column":19},"end":{"line":9,"column":32}},"6":{"start":{"line":10,"column":18},"end":{"line":10,"column":31}},"7":{"start":{"line":11,"column":22},"end":{"line":11,"column":35}},"8":{"start":{"line":12,"column":19},"end":{"line":12,"column":32}},"9":{"start":{"line":16,"column":4},"end":{"line":16,"column":55}},"10":{"start":{"line":17,"column":4},"end":{"line":17,"column":30}},"11":{"start":{"line":18,"column":4},"end":{"line":18,"column":36}},"12":{"start":{"line":19,"column":4},"end":{"line":19,"column":39}},"13":{"start":{"line":20,"column":4},"end":{"line":20,"column":36}},"14":{"start":{"line":24,"column":4},"end":{"line":24,"column":30}},"15":{"start":{"line":28,"column":4},"end":{"line":28,"column":29}},"16":{"start":{"line":32,"column":4},"end":{"line":32,"column":32}},"17":{"start":{"line":37,"column":21},"end":{"line":37,"column":47}},"18":{"start":{"line":38,"column":16},"end":{"line":38,"column":39}},"19":{"start":{"line":39,"column":22},"end":{"line":39,"column":111}},"20":{"start":{"line":43,"column":4},"end":{"line":60,"column":5}},"21":{"start":{"line":44,"column":18},"end":{"line":51,"column":32}},"22":{"start":{"line":53,"column":6},"end":{"line":54,"column":91}},"23":{"start":{"line":54,"column":8},"end":{"line":54,"column":91}},"24":{"start":{"line":56,"column":6},"end":{"line":56,"column":27}},"25":{"start":{"line":59,"column":6},"end":{"line":59,"column":108}},"26":{"start":{"line":64,"column":19},"end":{"line":64,"column":38}},"27":{"start":{"line":66,"column":4},"end":{"line":70,"column":5}},"28":{"start":{"line":67,"column":6},"end":{"line":67,"column":27}},"29":{"start":{"line":68,"column":6},"end":{"line":68,"column":81}},"30":{"start":{"line":68,"column":54},"end":{"line":68,"column":79}},"31":{"start":{"line":69,"column":6},"end":{"line":69,"column":36}},"32":{"start":{"line":72,"column":4},"end":{"line":72,"column":20}},"33":{"start":{"line":76,"column":4},"end":{"line":76,"column":46}},"34":{"start":{"line":80,"column":23},"end":{"line":80,"column":54}},"35":{"start":{"line":82,"column":4},"end":{"line":85,"column":5}},"36":{"start":{"line":83,"column":6},"end":{"line":83,"column":71}},"37":{"start":{"line":84,"column":6},"end":{"line":84,"column":52}},"38":{"start":{"line":87,"column":4},"end":{"line":87,"column":24}},"39":{"start":{"line":91,"column":20},"end":{"line":91,"column":48}},"40":{"start":{"line":93,"column":4},"end":{"line":96,"column":5}},"41":{"start":{"line":94,"column":6},"end":{"line":94,"column":65}},"42":{"start":{"line":95,"column":6},"end":{"line":95,"column":46}},"43":{"start":{"line":98,"column":4},"end":{"line":98,"column":21}},"44":{"start":{"line":102,"column":0},"end":{"line":102,"column":31}}},"fnMap":{"0":{"name":"(anonymous_0)","decl":{"start":{"line":15,"column":2},"end":{"line":15,"column":3}},"loc":{"start":{"line":15,"column":34},"end":{"line":21,"column":3}},"line":15},"1":{"name":"(anonymous_1)","decl":{"start":{"line":23,"column":2},"end":{"line":23,"column":3}},"loc":{"start":{"line":23,"column":17},"end":{"line":25,"column":3}},"line":23},"2":{"name":"(anonymous_2)","decl":{"start":{"line":27,"column":2},"end":{"line":27,"column":3}},"loc":{"start":{"line":27,"column":16},"end":{"line":29,"column":3}},"line":27},"3":{"name":"(anonymous_3)","decl":{"start":{"line":31,"column":2},"end":{"line":31,"column":3}},"loc":{"start":{"line":31,"column":19},"end":{"line":33,"column":3}},"line":31},"4":{"name":"(anonymous_4)","decl":{"start":{"line":35,"column":2},"end":{"line":35,"column":3}},"loc":{"start":{"line":35,"column":24},"end":{"line":61,"column":3}},"line":35},"5":{"name":"(anonymous_5)","decl":{"start":{"line":63,"column":2},"end":{"line":63,"column":3}},"loc":{"start":{"line":63,"column":23},"end":{"line":73,"column":3}},"line":63},"6":{"name":"(anonymous_6)","decl":{"start":{"line":68,"column":47},"end":{"line":68,"column":48}},"loc":{"start":{"line":68,"column":54},"end":{"line":68,"column":79}},"line":68},"7":{"name":"(anonymous_7)","decl":{"start":{"line":75,"column":2},"end":{"line":75,"column":3}},"loc":{"start":{"line":75,"column":24},"end":{"line":77,"column":3}},"line":75},"8":{"name":"(anonymous_8)","decl":{"start":{"line":79,"column":2},"end":{"line":79,"column":3}},"loc":{"start":{"line":79,"column":29},"end":{"line":88,"column":3}},"line":79},"9":{"name":"(anonymous_9)","decl":{"start":{"line":90,"column":2},"end":{"line":90,"column":3}},"loc":{"start":{"line":90,"column":26},"end":{"line":99,"column":3}},"line":90}},"branchMap":{"0":{"loc":{"start":{"line":53,"column":6},"end":{"line":54,"column":91}},"type":"if","locations":[{"start":{"line":53,"column":6},"end":{"line":54,"column":91}},{"start":{"line":53,"column":6},"end":{"line":54,"column":91}}],"line":53},"1":{"loc":{"start":{"line":53,"column":10},"end":{"line":53,"column":59}},"type":"binary-expr","locations":[{"start":{"line":53,"column":10},"end":{"line":53,"column":27}},{"start":{"line":53,"column":31},"end":{"line":53,"column":59}}],"line":53},"2":{"loc":{"start":{"line":66,"column":4},"end":{"line":70,"column":5}},"type":"if","locations":[{"start":{"line":66,"column":4},"end":{"line":70,"column":5}},{"start":{"line":66,"column":4},"end":{"line":70,"column":5}}],"line":66},"3":{"loc":{"start":{"line":82,"column":4},"end":{"line":85,"column":5}},"type":"if","locations":[{"start":{"line":82,"column":4},"end":{"line":85,"column":5}},{"start":{"line":82,"column":4},"end":{"line":85,"column":5}}],"line":82},"4":{"loc":{"start":{"line":93,"column":4},"end":{"line":96,"column":5}},"type":"if","locations":[{"start":{"line":93,"column":4},"end":{"line":96,"column":5}},{"start":{"line":93,"column":4},"end":{"line":96,"column":5}}],"line":93}},"s":{"0":0,"1":0,"2":0,"3":0,"4":0,"5":0,"6":0,"7":0,"8":0,"9":0,"10":0,"11":0,"12":0,"13":0,"14":0,"15":0,"16":0,"17":0,"18":0,"19":0,"20":0,"21":0,"22":0,"23":0,"24":0,"25":0,"26":0,"27":0,"28":0,"29":0,"30":0,"31":0,"32":0,"33":0,"34":0,"35":0,"36":0,"37":0,"38":0,"39":0,"40":0,"41":0,"42":0,"43":0,"44":0},"f":{"0":0,"1":0,"2":0,"3":0,"4":0,"5":0,"6":0,"7":0,"8":0,"9":0},"b":{"0":[0,0],"1":[0,0],"2":[0,0],"3":[0,0],"4":[0,0]},"all":true},"/data/GIT/ethtax/src/deprecate-XXXX-accessors/account-accessors/etherscan-accessor/etherscan-provider/etherscan-provider.js":{"path":"/data/GIT/ethtax/src/deprecate-XXXX-accessors/account-accessors/etherscan-accessor/etherscan-provider/etherscan-provider.js","statementMap":{"0":{"start":{"line":5,"column":19},"end":{"line":5,"column":40}},"1":{"start":{"line":6,"column":15},"end":{"line":6,"column":32}},"2":{"start":{"line":8,"column":15},"end":{"line":8,"column":47}},"3":{"start":{"line":9,"column":20},"end":{"line":9,"column":64}},"4":{"start":{"line":10,"column":33},"end":{"line":10,"column":74}},"5":{"start":{"line":12,"column":21},"end":{"line":12,"column":44}},"6":{"start":{"line":15,"column":2},"end":{"line":24,"column":3}},"7":{"start":{"line":16,"column":16},"end":{"line":18,"column":38}},"8":{"start":{"line":20,"column":4},"end":{"line":20,"column":27}},"9":{"start":{"line":23,"column":4},"end":{"line":23,"column":84}},"10":{"start":{"line":27,"column":27},"end":{"line":27,"column":29}},"11":{"start":{"line":30,"column":2},"end":{"line":30,"column":28}},"12":{"start":{"line":32,"column":2},"end":{"line":35,"column":3}},"13":{"start":{"line":33,"column":18},"end":{"line":33,"column":128}},"14":{"start":{"line":34,"column":4},"end":{"line":34,"column":58}},"15":{"start":{"line":37,"column":2},"end":{"line":37,"column":34}},"16":{"start":{"line":40,"column":27},"end":{"line":40,"column":29}},"17":{"start":{"line":43,"column":2},"end":{"line":43,"column":30}},"18":{"start":{"line":44,"column":2},"end":{"line":44,"column":28}},"19":{"start":{"line":46,"column":2},"end":{"line":49,"column":3}},"20":{"start":{"line":47,"column":18},"end":{"line":47,"column":158}},"21":{"start":{"line":48,"column":4},"end":{"line":48,"column":58}},"22":{"start":{"line":51,"column":2},"end":{"line":51,"column":34}},"23":{"start":{"line":54,"column":30},"end":{"line":54,"column":32}},"24":{"start":{"line":57,"column":2},"end":{"line":57,"column":28}},"25":{"start":{"line":59,"column":2},"end":{"line":62,"column":3}},"26":{"start":{"line":60,"column":18},"end":{"line":60,"column":155}},"27":{"start":{"line":61,"column":4},"end":{"line":61,"column":61}},"28":{"start":{"line":64,"column":2},"end":{"line":64,"column":37}},"29":{"start":{"line":67,"column":27},"end":{"line":67,"column":29}},"30":{"start":{"line":70,"column":2},"end":{"line":70,"column":28}},"31":{"start":{"line":72,"column":2},"end":{"line":75,"column":3}},"32":{"start":{"line":73,"column":18},"end":{"line":73,"column":157}},"33":{"start":{"line":74,"column":4},"end":{"line":74,"column":58}},"34":{"start":{"line":77,"column":2},"end":{"line":77,"column":34}},"35":{"start":{"line":80,"column":30},"end":{"line":80,"column":32}},"36":{"start":{"line":83,"column":2},"end":{"line":83,"column":28}},"37":{"start":{"line":85,"column":2},"end":{"line":88,"column":3}},"38":{"start":{"line":86,"column":18},"end":{"line":86,"column":164}},"39":{"start":{"line":87,"column":4},"end":{"line":87,"column":61}},"40":{"start":{"line":90,"column":2},"end":{"line":90,"column":37}},"41":{"start":{"line":93,"column":0},"end":{"line":99,"column":2}}},"fnMap":{"0":{"name":"requestAction","decl":{"start":{"line":14,"column":15},"end":{"line":14,"column":28}},"loc":{"start":{"line":14,"column":36},"end":{"line":25,"column":1}},"line":14},"1":{"name":"requestLatestEthBalance","decl":{"start":{"line":29,"column":15},"end":{"line":29,"column":38}},"loc":{"start":{"line":29,"column":46},"end":{"line":38,"column":1}},"line":29},"2":{"name":"requestLatestTokBalance","decl":{"start":{"line":42,"column":15},"end":{"line":42,"column":38}},"loc":{"start":{"line":42,"column":53},"end":{"line":52,"column":1}},"line":42},"3":{"name":"requestEthereumTransactions","decl":{"start":{"line":56,"column":15},"end":{"line":56,"column":42}},"loc":{"start":{"line":56,"column":50},"end":{"line":65,"column":1}},"line":56},"4":{"name":"requestTokenTransactions","decl":{"start":{"line":69,"column":15},"end":{"line":69,"column":39}},"loc":{"start":{"line":69,"column":47},"end":{"line":78,"column":1}},"line":69},"5":{"name":"requestInternalTransactions","decl":{"start":{"line":82,"column":15},"end":{"line":82,"column":42}},"loc":{"start":{"line":82,"column":50},"end":{"line":91,"column":1}},"line":82}},"branchMap":{"0":{"loc":{"start":{"line":32,"column":2},"end":{"line":35,"column":3}},"type":"if","locations":[{"start":{"line":32,"column":2},"end":{"line":35,"column":3}},{"start":{"line":32,"column":2},"end":{"line":35,"column":3}}],"line":32},"1":{"loc":{"start":{"line":46,"column":2},"end":{"line":49,"column":3}},"type":"if","locations":[{"start":{"line":46,"column":2},"end":{"line":49,"column":3}},{"start":{"line":46,"column":2},"end":{"line":49,"column":3}}],"line":46},"2":{"loc":{"start":{"line":59,"column":2},"end":{"line":62,"column":3}},"type":"if","locations":[{"start":{"line":59,"column":2},"end":{"line":62,"column":3}},{"start":{"line":59,"column":2},"end":{"line":62,"column":3}}],"line":59},"3":{"loc":{"start":{"line":72,"column":2},"end":{"line":75,"column":3}},"type":"if","locations":[{"start":{"line":72,"column":2},"end":{"line":75,"column":3}},{"start":{"line":72,"column":2},"end":{"line":75,"column":3}}],"line":72},"4":{"loc":{"start":{"line":85,"column":2},"end":{"line":88,"column":3}},"type":"if","locations":[{"start":{"line":85,"column":2},"end":{"line":88,"column":3}},{"start":{"line":85,"column":2},"end":{"line":88,"column":3}}],"line":85}},"s":{"0":0,"1":0,"2":0,"3":0,"4":0,"5":0,"6":0,"7":0,"8":0,"9":0,"10":0,"11":0,"12":0,"13":0,"14":0,"15":0,"16":0,"17":0,"18":0,"19":0,"20":0,"21":0,"22":0,"23":0,"24":0,"25":0,"26":0,"27":0,"28":0,"29":0,"30":0,"31":0,"32":0,"33":0,"34":0,"35":0,"36":0,"37":0,"38":0,"39":0,"40":0,"41":0},"f":{"0":0,"1":0,"2":0,"3":0,"4":0,"5":0},"b":{"0":[0,0],"1":[0,0],"2":[0,0],"3":[0,0],"4":[0,0]},"all":true},"/data/GIT/ethtax/src/deprecate-XXXX-accessors/account-accessors/etherscan-accessor/etherscan.spec.js":{"path":"/data/GIT/ethtax/src/deprecate-XXXX-accessors/account-accessors/etherscan-accessor/etherscan.spec.js","statementMap":{},"fnMap":{},"branchMap":{},"s":{},"f":{},"b":{},"all":true},"/data/GIT/ethtax/src/deprecate-XXXX-accessors/account-accessors/idex-accessor/idex-provider.js":{"path":"/data/GIT/ethtax/src/deprecate-XXXX-accessors/account-accessors/idex-accessor/idex-provider.js","statementMap":{"0":{"start":{"line":3,"column":15},"end":{"line":3,"column":32}},"1":{"start":{"line":7,"column":19},"end":{"line":7,"column":40}},"2":{"start":{"line":9,"column":20},"end":{"line":9,"column":61}},"3":{"start":{"line":13,"column":15},"end":{"line":13,"column":17}},"4":{"start":{"line":14,"column":25},"end":{"line":14,"column":29}},"5":{"start":{"line":16,"column":2},"end":{"line":35,"column":3}},"6":{"start":{"line":17,"column":4},"end":{"line":18,"column":43}},"7":{"start":{"line":18,"column":6},"end":{"line":18,"column":43}},"8":{"start":{"line":20,"column":4},"end":{"line":34,"column":5}},"9":{"start":{"line":21,"column":18},"end":{"line":24,"column":36}},"10":{"start":{"line":26,"column":21},"end":{"line":26,"column":44}},"11":{"start":{"line":27,"column":6},"end":{"line":28,"column":36}},"12":{"start":{"line":28,"column":8},"end":{"line":28,"column":36}},"13":{"start":{"line":30,"column":6},"end":{"line":30,"column":57}},"14":{"start":{"line":33,"column":6},"end":{"line":33,"column":89}},"15":{"start":{"line":37,"column":2},"end":{"line":37,"column":16}},"16":{"start":{"line":40,"column":22},"end":{"line":40,"column":24}},"17":{"start":{"line":43,"column":14},"end":{"line":43,"column":33}},"18":{"start":{"line":45,"column":2},"end":{"line":48,"column":3}},"19":{"start":{"line":46,"column":20},"end":{"line":46,"column":79}},"20":{"start":{"line":47,"column":4},"end":{"line":47,"column":102}},"21":{"start":{"line":50,"column":2},"end":{"line":50,"column":28}},"22":{"start":{"line":53,"column":24},"end":{"line":53,"column":26}},"23":{"start":{"line":56,"column":2},"end":{"line":59,"column":3}},"24":{"start":{"line":57,"column":20},"end":{"line":57,"column":62}},"25":{"start":{"line":58,"column":4},"end":{"line":58,"column":106}},"26":{"start":{"line":61,"column":2},"end":{"line":61,"column":31}},"27":{"start":{"line":64,"column":0},"end":{"line":67,"column":2}}},"fnMap":{"0":{"name":"getPagedRequest","decl":{"start":{"line":12,"column":15},"end":{"line":12,"column":30}},"loc":{"start":{"line":12,"column":45},"end":{"line":38,"column":1}},"line":12},"1":{"name":"getTradeHistory","decl":{"start":{"line":42,"column":15},"end":{"line":42,"column":30}},"loc":{"start":{"line":42,"column":45},"end":{"line":51,"column":1}},"line":42},"2":{"name":"getBalanceHistory","decl":{"start":{"line":55,"column":15},"end":{"line":55,"column":32}},"loc":{"start":{"line":55,"column":39},"end":{"line":62,"column":1}},"line":55}},"branchMap":{"0":{"loc":{"start":{"line":17,"column":4},"end":{"line":18,"column":43}},"type":"if","locations":[{"start":{"line":17,"column":4},"end":{"line":18,"column":43}},{"start":{"line":17,"column":4},"end":{"line":18,"column":43}}],"line":17},"1":{"loc":{"start":{"line":45,"column":2},"end":{"line":48,"column":3}},"type":"if","locations":[{"start":{"line":45,"column":2},"end":{"line":48,"column":3}},{"start":{"line":45,"column":2},"end":{"line":48,"column":3}}],"line":45},"2":{"loc":{"start":{"line":56,"column":2},"end":{"line":59,"column":3}},"type":"if","locations":[{"start":{"line":56,"column":2},"end":{"line":59,"column":3}},{"start":{"line":56,"column":2},"end":{"line":59,"column":3}}],"line":56}},"s":{"0":0,"1":0,"2":0,"3":0,"4":0,"5":0,"6":0,"7":0,"8":0,"9":0,"10":0,"11":0,"12":0,"13":0,"14":0,"15":0,"16":0,"17":0,"18":0,"19":0,"20":0,"21":0,"22":0,"23":0,"24":0,"25":0,"26":0,"27":0},"f":{"0":0,"1":0,"2":0},"b":{"0":[0,0],"1":[0,0],"2":[0,0]},"all":true},"/data/GIT/ethtax/src/deprecate-XXXX-accessors/account-accessors/idex-accessor/idex-utils.js":{"path":"/data/GIT/ethtax/src/deprecate-XXXX-accessors/account-accessors/idex-accessor/idex-utils.js","statementMap":{"0":{"start":{"line":3,"column":15},"end":{"line":3,"column":32}},"1":{"start":{"line":7,"column":19},"end":{"line":7,"column":40}},"2":{"start":{"line":9,"column":15},"end":{"line":9,"column":44}},"3":{"start":{"line":10,"column":20},"end":{"line":10,"column":61}},"4":{"start":{"line":11,"column":15},"end":{"line":11,"column":38}},"5":{"start":{"line":14,"column":15},"end":{"line":14,"column":17}},"6":{"start":{"line":15,"column":25},"end":{"line":15,"column":29}},"7":{"start":{"line":17,"column":2},"end":{"line":36,"column":3}},"8":{"start":{"line":18,"column":4},"end":{"line":19,"column":43}},"9":{"start":{"line":19,"column":6},"end":{"line":19,"column":43}},"10":{"start":{"line":21,"column":4},"end":{"line":35,"column":5}},"11":{"start":{"line":22,"column":18},"end":{"line":25,"column":36}},"12":{"start":{"line":27,"column":21},"end":{"line":27,"column":44}},"13":{"start":{"line":28,"column":6},"end":{"line":29,"column":36}},"14":{"start":{"line":29,"column":8},"end":{"line":29,"column":36}},"15":{"start":{"line":31,"column":6},"end":{"line":31,"column":57}},"16":{"start":{"line":34,"column":6},"end":{"line":34,"column":89}},"17":{"start":{"line":38,"column":2},"end":{"line":38,"column":16}},"18":{"start":{"line":42,"column":18},"end":{"line":42,"column":77}},"19":{"start":{"line":43,"column":2},"end":{"line":43,"column":80}},"20":{"start":{"line":47,"column":18},"end":{"line":47,"column":60}},"21":{"start":{"line":48,"column":2},"end":{"line":48,"column":87}},"22":{"start":{"line":52,"column":2},"end":{"line":53,"column":16}},"23":{"start":{"line":53,"column":4},"end":{"line":53,"column":16}},"24":{"start":{"line":55,"column":2},"end":{"line":56,"column":16}},"25":{"start":{"line":56,"column":4},"end":{"line":56,"column":16}},"26":{"start":{"line":58,"column":2},"end":{"line":59,"column":16}},"27":{"start":{"line":59,"column":4},"end":{"line":59,"column":16}},"28":{"start":{"line":61,"column":2},"end":{"line":62,"column":16}},"29":{"start":{"line":62,"column":4},"end":{"line":62,"column":16}},"30":{"start":{"line":64,"column":2},"end":{"line":64,"column":49}},"31":{"start":{"line":68,"column":17},"end":{"line":68,"column":53}},"32":{"start":{"line":70,"column":2},"end":{"line":71,"column":14}},"33":{"start":{"line":71,"column":4},"end":{"line":71,"column":14}},"34":{"start":{"line":73,"column":2},"end":{"line":74,"column":13}},"35":{"start":{"line":74,"column":4},"end":{"line":74,"column":13}},"36":{"start":{"line":76,"column":2},"end":{"line":76,"column":47}},"37":{"start":{"line":80,"column":2},"end":{"line":81,"column":34}},"38":{"start":{"line":81,"column":4},"end":{"line":81,"column":34}},"39":{"start":{"line":83,"column":2},"end":{"line":84,"column":36}},"40":{"start":{"line":84,"column":4},"end":{"line":84,"column":36}},"41":{"start":{"line":86,"column":2},"end":{"line":86,"column":72}},"42":{"start":{"line":90,"column":2},"end":{"line":91,"column":16}},"43":{"start":{"line":91,"column":4},"end":{"line":91,"column":16}},"44":{"start":{"line":93,"column":2},"end":{"line":94,"column":16}},"45":{"start":{"line":94,"column":4},"end":{"line":94,"column":16}},"46":{"start":{"line":96,"column":2},"end":{"line":96,"column":72}},"47":{"start":{"line":100,"column":2},"end":{"line":101,"column":37}},"48":{"start":{"line":101,"column":4},"end":{"line":101,"column":37}},"49":{"start":{"line":103,"column":2},"end":{"line":103,"column":81}},"50":{"start":{"line":106,"column":0},"end":{"line":113,"column":2}}},"fnMap":{"0":{"name":"getPagedRequest","decl":{"start":{"line":13,"column":15},"end":{"line":13,"column":30}},"loc":{"start":{"line":13,"column":45},"end":{"line":39,"column":1}},"line":13},"1":{"name":"getTradeHistory","decl":{"start":{"line":41,"column":15},"end":{"line":41,"column":30}},"loc":{"start":{"line":41,"column":45},"end":{"line":44,"column":1}},"line":41},"2":{"name":"getBalanceHistory","decl":{"start":{"line":46,"column":15},"end":{"line":46,"column":32}},"loc":{"start":{"line":46,"column":39},"end":{"line":49,"column":1}},"line":46},"3":{"name":"getCtActionFromTradeTx","decl":{"start":{"line":51,"column":9},"end":{"line":51,"column":31}},"loc":{"start":{"line":51,"column":46},"end":{"line":65,"column":1}},"line":51},"4":{"name":"getCtSignFromTradeTx","decl":{"start":{"line":67,"column":9},"end":{"line":67,"column":29}},"loc":{"start":{"line":67,"column":44},"end":{"line":77,"column":1}},"line":67},"5":{"name":"getTokenValueFromBalanceTx","decl":{"start":{"line":79,"column":9},"end":{"line":79,"column":35}},"loc":{"start":{"line":79,"column":45},"end":{"line":87,"column":1}},"line":79},"6":{"name":"getActionFromBalanceTx","decl":{"start":{"line":89,"column":9},"end":{"line":89,"column":31}},"loc":{"start":{"line":89,"column":41},"end":{"line":97,"column":1}},"line":89},"7":{"name":"getRecordsFromSymbol","decl":{"start":{"line":99,"column":15},"end":{"line":99,"column":35}},"loc":{"start":{"line":99,"column":51},"end":{"line":104,"column":1}},"line":99}},"branchMap":{"0":{"loc":{"start":{"line":18,"column":4},"end":{"line":19,"column":43}},"type":"if","locations":[{"start":{"line":18,"column":4},"end":{"line":19,"column":43}},{"start":{"line":18,"column":4},"end":{"line":19,"column":43}}],"line":18},"1":{"loc":{"start":{"line":52,"column":2},"end":{"line":53,"column":16}},"type":"if","locations":[{"start":{"line":52,"column":2},"end":{"line":53,"column":16}},{"start":{"line":52,"column":2},"end":{"line":53,"column":16}}],"line":52},"2":{"loc":{"start":{"line":52,"column":6},"end":{"line":52,"column":50}},"type":"binary-expr","locations":[{"start":{"line":52,"column":7},"end":{"line":52,"column":24}},{"start":{"line":52,"column":30},"end":{"line":52,"column":49}}],"line":52},"3":{"loc":{"start":{"line":55,"column":2},"end":{"line":56,"column":16}},"type":"if","locations":[{"start":{"line":55,"column":2},"end":{"line":56,"column":16}},{"start":{"line":55,"column":2},"end":{"line":56,"column":16}}],"line":55},"4":{"loc":{"start":{"line":55,"column":6},"end":{"line":55,"column":49}},"type":"binary-expr","locations":[{"start":{"line":55,"column":7},"end":{"line":55,"column":24}},{"start":{"line":55,"column":30},"end":{"line":55,"column":48}}],"line":55},"5":{"loc":{"start":{"line":58,"column":2},"end":{"line":59,"column":16}},"type":"if","locations":[{"start":{"line":58,"column":2},"end":{"line":59,"column":16}},{"start":{"line":58,"column":2},"end":{"line":59,"column":16}}],"line":58},"6":{"loc":{"start":{"line":58,"column":6},"end":{"line":58,"column":50}},"type":"binary-expr","locations":[{"start":{"line":58,"column":7},"end":{"line":58,"column":24}},{"start":{"line":58,"column":30},"end":{"line":58,"column":49}}],"line":58},"7":{"loc":{"start":{"line":61,"column":2},"end":{"line":62,"column":16}},"type":"if","locations":[{"start":{"line":61,"column":2},"end":{"line":62,"column":16}},{"start":{"line":61,"column":2},"end":{"line":62,"column":16}}],"line":61},"8":{"loc":{"start":{"line":61,"column":6},"end":{"line":61,"column":49}},"type":"binary-expr","locations":[{"start":{"line":61,"column":7},"end":{"line":61,"column":24}},{"start":{"line":61,"column":30},"end":{"line":61,"column":48}}],"line":61},"9":{"loc":{"start":{"line":70,"column":2},"end":{"line":71,"column":14}},"type":"if","locations":[{"start":{"line":70,"column":2},"end":{"line":71,"column":14}},{"start":{"line":70,"column":2},"end":{"line":71,"column":14}}],"line":70},"10":{"loc":{"start":{"line":70,"column":6},"end":{"line":70,"column":44}},"type":"binary-expr","locations":[{"start":{"line":70,"column":7},"end":{"line":70,"column":22}},{"start":{"line":70,"column":28},"end":{"line":70,"column":43}}],"line":70},"11":{"loc":{"start":{"line":73,"column":2},"end":{"line":74,"column":13}},"type":"if","locations":[{"start":{"line":73,"column":2},"end":{"line":74,"column":13}},{"start":{"line":73,"column":2},"end":{"line":74,"column":13}}],"line":73},"12":{"loc":{"start":{"line":73,"column":6},"end":{"line":73,"column":44}},"type":"binary-expr","locations":[{"start":{"line":73,"column":7},"end":{"line":73,"column":22}},{"start":{"line":73,"column":28},"end":{"line":73,"column":43}}],"line":73},"13":{"loc":{"start":{"line":80,"column":2},"end":{"line":81,"column":34}},"type":"if","locations":[{"start":{"line":80,"column":2},"end":{"line":81,"column":34}},{"start":{"line":80,"column":2},"end":{"line":81,"column":34}}],"line":80},"14":{"loc":{"start":{"line":83,"column":2},"end":{"line":84,"column":36}},"type":"if","locations":[{"start":{"line":83,"column":2},"end":{"line":84,"column":36}},{"start":{"line":83,"column":2},"end":{"line":84,"column":36}}],"line":83},"15":{"loc":{"start":{"line":90,"column":2},"end":{"line":91,"column":16}},"type":"if","locations":[{"start":{"line":90,"column":2},"end":{"line":91,"column":16}},{"start":{"line":90,"column":2},"end":{"line":91,"column":16}}],"line":90},"16":{"loc":{"start":{"line":93,"column":2},"end":{"line":94,"column":16}},"type":"if","locations":[{"start":{"line":93,"column":2},"end":{"line":94,"column":16}},{"start":{"line":93,"column":2},"end":{"line":94,"column":16}}],"line":93},"17":{"loc":{"start":{"line":100,"column":2},"end":{"line":101,"column":37}},"type":"if","locations":[{"start":{"line":100,"column":2},"end":{"line":101,"column":37}},{"start":{"line":100,"column":2},"end":{"line":101,"column":37}}],"line":100}},"s":{"0":0,"1":0,"2":0,"3":0,"4":0,"5":0,"6":0,"7":0,"8":0,"9":0,"10":0,"11":0,"12":0,"13":0,"14":0,"15":0,"16":0,"17":0,"18":0,"19":0,"20":0,"21":0,"22":0,"23":0,"24":0,"25":0,"26":0,"27":0,"28":0,"29":0,"30":0,"31":0,"32":0,"33":0,"34":0,"35":0,"36":0,"37":0,"38":0,"39":0,"40":0,"41":0,"42":0,"43":0,"44":0,"45":0,"46":0,"47":0,"48":0,"49":0,"50":0},"f":{"0":0,"1":0,"2":0,"3":0,"4":0,"5":0,"6":0,"7":0},"b":{"0":[0,0],"1":[0,0],"2":[0,0],"3":[0,0],"4":[0,0],"5":[0,0],"6":[0,0],"7":[0,0],"8":[0,0],"9":[0,0],"10":[0,0],"11":[0,0],"12":[0,0],"13":[0,0],"14":[0,0],"15":[0,0],"16":[0,0],"17":[0,0]},"all":true},"/data/GIT/ethtax/src/deprecate-XXXX-accessors/accounts/coinbase/coinbase-accessor.js":{"path":"/data/GIT/ethtax/src/deprecate-XXXX-accessors/accounts/coinbase/coinbase-accessor.js","statementMap":{"0":{"start":{"line":3,"column":19},"end":{"line":3,"column":40}},"1":{"start":{"line":4,"column":15},"end":{"line":4,"column":32}},"2":{"start":{"line":5,"column":20},"end":{"line":5,"column":61}},"3":{"start":{"line":7,"column":17},"end":{"line":7,"column":30}},"4":{"start":{"line":8,"column":16},"end":{"line":8,"column":29}},"5":{"start":{"line":9,"column":19},"end":{"line":9,"column":32}},"6":{"start":{"line":10,"column":18},"end":{"line":10,"column":31}},"7":{"start":{"line":11,"column":22},"end":{"line":11,"column":35}},"8":{"start":{"line":12,"column":19},"end":{"line":12,"column":32}},"9":{"start":{"line":15,"column":17},"end":{"line":15,"column":36}},"10":{"start":{"line":17,"column":2},"end":{"line":21,"column":3}},"11":{"start":{"line":18,"column":4},"end":{"line":18,"column":25}},"12":{"start":{"line":19,"column":4},"end":{"line":19,"column":79}},"13":{"start":{"line":19,"column":52},"end":{"line":19,"column":77}},"14":{"start":{"line":20,"column":4},"end":{"line":20,"column":34}},"15":{"start":{"line":23,"column":2},"end":{"line":23,"column":18}},"16":{"start":{"line":28,"column":4},"end":{"line":28,"column":55}},"17":{"start":{"line":29,"column":4},"end":{"line":29,"column":30}},"18":{"start":{"line":30,"column":4},"end":{"line":30,"column":36}},"19":{"start":{"line":31,"column":4},"end":{"line":31,"column":39}},"20":{"start":{"line":32,"column":4},"end":{"line":32,"column":36}},"21":{"start":{"line":36,"column":4},"end":{"line":36,"column":30}},"22":{"start":{"line":40,"column":4},"end":{"line":40,"column":29}},"23":{"start":{"line":44,"column":4},"end":{"line":44,"column":32}},"24":{"start":{"line":49,"column":21},"end":{"line":49,"column":47}},"25":{"start":{"line":50,"column":16},"end":{"line":50,"column":39}},"26":{"start":{"line":51,"column":22},"end":{"line":51,"column":111}},"27":{"start":{"line":55,"column":4},"end":{"line":72,"column":5}},"28":{"start":{"line":56,"column":18},"end":{"line":63,"column":32}},"29":{"start":{"line":65,"column":6},"end":{"line":66,"column":91}},"30":{"start":{"line":66,"column":8},"end":{"line":66,"column":91}},"31":{"start":{"line":68,"column":6},"end":{"line":68,"column":27}},"32":{"start":{"line":71,"column":6},"end":{"line":71,"column":108}},"33":{"start":{"line":76,"column":4},"end":{"line":76,"column":46}},"34":{"start":{"line":80,"column":23},"end":{"line":80,"column":54}},"35":{"start":{"line":82,"column":4},"end":{"line":85,"column":5}},"36":{"start":{"line":83,"column":6},"end":{"line":83,"column":71}},"37":{"start":{"line":84,"column":6},"end":{"line":84,"column":52}},"38":{"start":{"line":87,"column":4},"end":{"line":87,"column":24}},"39":{"start":{"line":91,"column":20},"end":{"line":91,"column":48}},"40":{"start":{"line":93,"column":4},"end":{"line":96,"column":5}},"41":{"start":{"line":94,"column":6},"end":{"line":94,"column":65}},"42":{"start":{"line":95,"column":6},"end":{"line":95,"column":46}},"43":{"start":{"line":98,"column":4},"end":{"line":98,"column":21}},"44":{"start":{"line":102,"column":21},"end":{"line":102,"column":44}},"45":{"start":{"line":106,"column":0},"end":{"line":106,"column":34}}},"fnMap":{"0":{"name":"_getAccounts","decl":{"start":{"line":14,"column":15},"end":{"line":14,"column":27}},"loc":{"start":{"line":14,"column":31},"end":{"line":24,"column":1}},"line":14},"1":{"name":"(anonymous_1)","decl":{"start":{"line":19,"column":45},"end":{"line":19,"column":46}},"loc":{"start":{"line":19,"column":52},"end":{"line":19,"column":77}},"line":19},"2":{"name":"(anonymous_2)","decl":{"start":{"line":27,"column":2},"end":{"line":27,"column":3}},"loc":{"start":{"line":27,"column":34},"end":{"line":33,"column":3}},"line":27},"3":{"name":"(anonymous_3)","decl":{"start":{"line":35,"column":2},"end":{"line":35,"column":3}},"loc":{"start":{"line":35,"column":17},"end":{"line":37,"column":3}},"line":35},"4":{"name":"(anonymous_4)","decl":{"start":{"line":39,"column":2},"end":{"line":39,"column":3}},"loc":{"start":{"line":39,"column":16},"end":{"line":41,"column":3}},"line":39},"5":{"name":"(anonymous_5)","decl":{"start":{"line":43,"column":2},"end":{"line":43,"column":3}},"loc":{"start":{"line":43,"column":19},"end":{"line":45,"column":3}},"line":43},"6":{"name":"(anonymous_6)","decl":{"start":{"line":47,"column":2},"end":{"line":47,"column":3}},"loc":{"start":{"line":47,"column":24},"end":{"line":73,"column":3}},"line":47},"7":{"name":"(anonymous_7)","decl":{"start":{"line":75,"column":2},"end":{"line":75,"column":3}},"loc":{"start":{"line":75,"column":24},"end":{"line":77,"column":3}},"line":75},"8":{"name":"(anonymous_8)","decl":{"start":{"line":79,"column":2},"end":{"line":79,"column":3}},"loc":{"start":{"line":79,"column":29},"end":{"line":88,"column":3}},"line":79},"9":{"name":"(anonymous_9)","decl":{"start":{"line":90,"column":2},"end":{"line":90,"column":3}},"loc":{"start":{"line":90,"column":26},"end":{"line":99,"column":3}},"line":90},"10":{"name":"(anonymous_10)","decl":{"start":{"line":101,"column":2},"end":{"line":101,"column":3}},"loc":{"start":{"line":101,"column":27},"end":{"line":103,"column":3}},"line":101}},"branchMap":{"0":{"loc":{"start":{"line":17,"column":2},"end":{"line":21,"column":3}},"type":"if","locations":[{"start":{"line":17,"column":2},"end":{"line":21,"column":3}},{"start":{"line":17,"column":2},"end":{"line":21,"column":3}}],"line":17},"1":{"loc":{"start":{"line":65,"column":6},"end":{"line":66,"column":91}},"type":"if","locations":[{"start":{"line":65,"column":6},"end":{"line":66,"column":91}},{"start":{"line":65,"column":6},"end":{"line":66,"column":91}}],"line":65},"2":{"loc":{"start":{"line":65,"column":10},"end":{"line":65,"column":59}},"type":"binary-expr","locations":[{"start":{"line":65,"column":10},"end":{"line":65,"column":27}},{"start":{"line":65,"column":31},"end":{"line":65,"column":59}}],"line":65},"3":{"loc":{"start":{"line":82,"column":4},"end":{"line":85,"column":5}},"type":"if","locations":[{"start":{"line":82,"column":4},"end":{"line":85,"column":5}},{"start":{"line":82,"column":4},"end":{"line":85,"column":5}}],"line":82},"4":{"loc":{"start":{"line":93,"column":4},"end":{"line":96,"column":5}},"type":"if","locations":[{"start":{"line":93,"column":4},"end":{"line":96,"column":5}},{"start":{"line":93,"column":4},"end":{"line":96,"column":5}}],"line":93}},"s":{"0":0,"1":0,"2":0,"3":0,"4":0,"5":0,"6":0,"7":0,"8":0,"9":0,"10":0,"11":0,"12":0,"13":0,"14":0,"15":0,"16":0,"17":0,"18":0,"19":0,"20":0,"21":0,"22":0,"23":0,"24":0,"25":0,"26":0,"27":0,"28":0,"29":0,"30":0,"31":0,"32":0,"33":0,"34":0,"35":0,"36":0,"37":0,"38":0,"39":0,"40":0,"41":0,"42":0,"43":0,"44":0,"45":0},"f":{"0":0,"1":0,"2":0,"3":0,"4":0,"5":0,"6":0,"7":0,"8":0,"9":0,"10":0},"b":{"0":[0,0],"1":[0,0],"2":[0,0],"3":[0,0],"4":[0,0]},"all":true},"/data/GIT/ethtax/src/deprecate-XXXX-accessors/accounts/etherscan-accessor/etherscan-provider/etherscan-provider.js":{"path":"/data/GIT/ethtax/src/deprecate-XXXX-accessors/accounts/etherscan-accessor/etherscan-provider/etherscan-provider.js","statementMap":{"0":{"start":{"line":5,"column":19},"end":{"line":5,"column":40}},"1":{"start":{"line":6,"column":15},"end":{"line":6,"column":32}},"2":{"start":{"line":8,"column":15},"end":{"line":8,"column":47}},"3":{"start":{"line":9,"column":20},"end":{"line":9,"column":64}},"4":{"start":{"line":10,"column":33},"end":{"line":10,"column":74}},"5":{"start":{"line":12,"column":21},"end":{"line":12,"column":44}},"6":{"start":{"line":15,"column":2},"end":{"line":24,"column":3}},"7":{"start":{"line":16,"column":16},"end":{"line":18,"column":38}},"8":{"start":{"line":20,"column":4},"end":{"line":20,"column":27}},"9":{"start":{"line":23,"column":4},"end":{"line":23,"column":84}},"10":{"start":{"line":27,"column":27},"end":{"line":27,"column":29}},"11":{"start":{"line":30,"column":2},"end":{"line":30,"column":28}},"12":{"start":{"line":32,"column":2},"end":{"line":35,"column":3}},"13":{"start":{"line":33,"column":18},"end":{"line":33,"column":128}},"14":{"start":{"line":34,"column":4},"end":{"line":34,"column":58}},"15":{"start":{"line":37,"column":2},"end":{"line":37,"column":34}},"16":{"start":{"line":40,"column":27},"end":{"line":40,"column":29}},"17":{"start":{"line":43,"column":2},"end":{"line":43,"column":30}},"18":{"start":{"line":44,"column":2},"end":{"line":44,"column":28}},"19":{"start":{"line":46,"column":2},"end":{"line":49,"column":3}},"20":{"start":{"line":47,"column":18},"end":{"line":47,"column":158}},"21":{"start":{"line":48,"column":4},"end":{"line":48,"column":58}},"22":{"start":{"line":51,"column":2},"end":{"line":51,"column":34}},"23":{"start":{"line":54,"column":30},"end":{"line":54,"column":32}},"24":{"start":{"line":57,"column":2},"end":{"line":57,"column":28}},"25":{"start":{"line":59,"column":2},"end":{"line":62,"column":3}},"26":{"start":{"line":60,"column":18},"end":{"line":60,"column":155}},"27":{"start":{"line":61,"column":4},"end":{"line":61,"column":61}},"28":{"start":{"line":64,"column":2},"end":{"line":64,"column":37}},"29":{"start":{"line":67,"column":27},"end":{"line":67,"column":29}},"30":{"start":{"line":70,"column":2},"end":{"line":70,"column":28}},"31":{"start":{"line":72,"column":2},"end":{"line":75,"column":3}},"32":{"start":{"line":73,"column":18},"end":{"line":73,"column":157}},"33":{"start":{"line":74,"column":4},"end":{"line":74,"column":58}},"34":{"start":{"line":77,"column":2},"end":{"line":77,"column":34}},"35":{"start":{"line":80,"column":30},"end":{"line":80,"column":32}},"36":{"start":{"line":83,"column":2},"end":{"line":83,"column":28}},"37":{"start":{"line":85,"column":2},"end":{"line":88,"column":3}},"38":{"start":{"line":86,"column":18},"end":{"line":86,"column":164}},"39":{"start":{"line":87,"column":4},"end":{"line":87,"column":61}},"40":{"start":{"line":90,"column":2},"end":{"line":90,"column":37}},"41":{"start":{"line":93,"column":0},"end":{"line":99,"column":2}}},"fnMap":{"0":{"name":"requestAction","decl":{"start":{"line":14,"column":15},"end":{"line":14,"column":28}},"loc":{"start":{"line":14,"column":36},"end":{"line":25,"column":1}},"line":14},"1":{"name":"requestLatestEthBalance","decl":{"start":{"line":29,"column":15},"end":{"line":29,"column":38}},"loc":{"start":{"line":29,"column":46},"end":{"line":38,"column":1}},"line":29},"2":{"name":"requestLatestTokBalance","decl":{"start":{"line":42,"column":15},"end":{"line":42,"column":38}},"loc":{"start":{"line":42,"column":53},"end":{"line":52,"column":1}},"line":42},"3":{"name":"requestEthereumTransactions","decl":{"start":{"line":56,"column":15},"end":{"line":56,"column":42}},"loc":{"start":{"line":56,"column":50},"end":{"line":65,"column":1}},"line":56},"4":{"name":"requestTokenTransactions","decl":{"start":{"line":69,"column":15},"end":{"line":69,"column":39}},"loc":{"start":{"line":69,"column":47},"end":{"line":78,"column":1}},"line":69},"5":{"name":"requestInternalTransactions","decl":{"start":{"line":82,"column":15},"end":{"line":82,"column":42}},"loc":{"start":{"line":82,"column":50},"end":{"line":91,"column":1}},"line":82}},"branchMap":{"0":{"loc":{"start":{"line":32,"column":2},"end":{"line":35,"column":3}},"type":"if","locations":[{"start":{"line":32,"column":2},"end":{"line":35,"column":3}},{"start":{"line":32,"column":2},"end":{"line":35,"column":3}}],"line":32},"1":{"loc":{"start":{"line":46,"column":2},"end":{"line":49,"column":3}},"type":"if","locations":[{"start":{"line":46,"column":2},"end":{"line":49,"column":3}},{"start":{"line":46,"column":2},"end":{"line":49,"column":3}}],"line":46},"2":{"loc":{"start":{"line":59,"column":2},"end":{"line":62,"column":3}},"type":"if","locations":[{"start":{"line":59,"column":2},"end":{"line":62,"column":3}},{"start":{"line":59,"column":2},"end":{"line":62,"column":3}}],"line":59},"3":{"loc":{"start":{"line":72,"column":2},"end":{"line":75,"column":3}},"type":"if","locations":[{"start":{"line":72,"column":2},"end":{"line":75,"column":3}},{"start":{"line":72,"column":2},"end":{"line":75,"column":3}}],"line":72},"4":{"loc":{"start":{"line":85,"column":2},"end":{"line":88,"column":3}},"type":"if","locations":[{"start":{"line":85,"column":2},"end":{"line":88,"column":3}},{"start":{"line":85,"column":2},"end":{"line":88,"column":3}}],"line":85}},"s":{"0":0,"1":0,"2":0,"3":0,"4":0,"5":0,"6":0,"7":0,"8":0,"9":0,"10":0,"11":0,"12":0,"13":0,"14":0,"15":0,"16":0,"17":0,"18":0,"19":0,"20":0,"21":0,"22":0,"23":0,"24":0,"25":0,"26":0,"27":0,"28":0,"29":0,"30":0,"31":0,"32":0,"33":0,"34":0,"35":0,"36":0,"37":0,"38":0,"39":0,"40":0,"41":0},"f":{"0":0,"1":0,"2":0,"3":0,"4":0,"5":0},"b":{"0":[0,0],"1":[0,0],"2":[0,0],"3":[0,0],"4":[0,0]},"all":true},"/data/GIT/ethtax/src/deprecate-XXXX-accessors/accounts/etherscan-accessor/etherscan.js":{"path":"/data/GIT/ethtax/src/deprecate-XXXX-accessors/accounts/etherscan-accessor/etherscan.js","statementMap":{"0":{"start":{"line":3,"column":19},"end":{"line":3,"column":40}},"1":{"start":{"line":5,"column":15},"end":{"line":5,"column":45}},"2":{"start":{"line":6,"column":20},"end":{"line":6,"column":58}},"3":{"start":{"line":7,"column":33},"end":{"line":7,"column":71}},"4":{"start":{"line":8,"column":17},"end":{"line":8,"column":67}},"5":{"start":{"line":9,"column":15},"end":{"line":9,"column":38}},"6":{"start":{"line":10,"column":19},"end":{"line":10,"column":46}},"7":{"start":{"line":13,"column":16},"end":{"line":13,"column":60}},"8":{"start":{"line":15,"column":2},"end":{"line":16,"column":17}},"9":{"start":{"line":16,"column":4},"end":{"line":16,"column":17}},"10":{"start":{"line":18,"column":2},"end":{"line":19,"column":19}},"11":{"start":{"line":19,"column":4},"end":{"line":19,"column":19}},"12":{"start":{"line":21,"column":2},"end":{"line":21,"column":54}},"13":{"start":{"line":25,"column":19},"end":{"line":25,"column":72}},"14":{"start":{"line":26,"column":18},"end":{"line":26,"column":52}},"15":{"start":{"line":27,"column":17},"end":{"line":27,"column":35}},"16":{"start":{"line":28,"column":2},"end":{"line":28,"column":16}},"17":{"start":{"line":32,"column":16},"end":{"line":32,"column":48}},"18":{"start":{"line":33,"column":15},"end":{"line":33,"column":36}},"19":{"start":{"line":35,"column":2},"end":{"line":36,"column":17}},"20":{"start":{"line":36,"column":4},"end":{"line":36,"column":17}},"21":{"start":{"line":38,"column":2},"end":{"line":38,"column":16}},"22":{"start":{"line":42,"column":21},"end":{"line":42,"column":65}},"23":{"start":{"line":43,"column":18},"end":{"line":43,"column":63}},"24":{"start":{"line":44,"column":2},"end":{"line":44,"column":17}},"25":{"start":{"line":48,"column":16},"end":{"line":48,"column":42}},"26":{"start":{"line":49,"column":21},"end":{"line":49,"column":72}},"27":{"start":{"line":50,"column":18},"end":{"line":50,"column":64}},"28":{"start":{"line":51,"column":2},"end":{"line":51,"column":17}},"29":{"start":{"line":55,"column":15},"end":{"line":55,"column":17}},"30":{"start":{"line":56,"column":16},"end":{"line":56,"column":17}},"31":{"start":{"line":58,"column":2},"end":{"line":79,"column":3}},"32":{"start":{"line":59,"column":20},"end":{"line":59,"column":50}},"33":{"start":{"line":60,"column":24},"end":{"line":60,"column":56}},"34":{"start":{"line":61,"column":19},"end":{"line":61,"column":80}},"35":{"start":{"line":62,"column":19},"end":{"line":62,"column":46}},"36":{"start":{"line":63,"column":4},"end":{"line":63,"column":38}},"37":{"start":{"line":65,"column":4},"end":{"line":65,"column":38}},"38":{"start":{"line":66,"column":4},"end":{"line":66,"column":31}},"39":{"start":{"line":67,"column":4},"end":{"line":67,"column":31}},"40":{"start":{"line":68,"column":4},"end":{"line":68,"column":52}},"41":{"start":{"line":69,"column":4},"end":{"line":69,"column":38}},"42":{"start":{"line":70,"column":4},"end":{"line":70,"column":36}},"43":{"start":{"line":71,"column":4},"end":{"line":71,"column":77}},"44":{"start":{"line":72,"column":4},"end":{"line":72,"column":90}},"45":{"start":{"line":73,"column":4},"end":{"line":73,"column":94}},"46":{"start":{"line":74,"column":4},"end":{"line":74,"column":76}},"47":{"start":{"line":75,"column":4},"end":{"line":75,"column":90}},"48":{"start":{"line":76,"column":4},"end":{"line":76,"column":94}},"49":{"start":{"line":78,"column":4},"end":{"line":78,"column":31}},"50":{"start":{"line":81,"column":2},"end":{"line":81,"column":14}},"51":{"start":{"line":85,"column":14},"end":{"line":85,"column":62}},"52":{"start":{"line":86,"column":15},"end":{"line":86,"column":47}},"53":{"start":{"line":87,"column":2},"end":{"line":87,"column":14}},"54":{"start":{"line":91,"column":14},"end":{"line":91,"column":62}},"55":{"start":{"line":92,"column":15},"end":{"line":92,"column":47}},"56":{"start":{"line":93,"column":2},"end":{"line":93,"column":14}},"57":{"start":{"line":97,"column":17},"end":{"line":97,"column":65}},"58":{"start":{"line":98,"column":17},"end":{"line":98,"column":65}},"59":{"start":{"line":99,"column":17},"end":{"line":99,"column":38}},"60":{"start":{"line":100,"column":23},"end":{"line":100,"column":87}},"61":{"start":{"line":100,"column":45},"end":{"line":100,"column":86}},"62":{"start":{"line":101,"column":15},"end":{"line":101,"column":56}},"63":{"start":{"line":102,"column":2},"end":{"line":102,"column":14}},"64":{"start":{"line":106,"column":14},"end":{"line":106,"column":59}},"65":{"start":{"line":107,"column":22},"end":{"line":107,"column":65}},"66":{"start":{"line":107,"column":39},"end":{"line":107,"column":64}},"67":{"start":{"line":108,"column":15},"end":{"line":108,"column":56}},"68":{"start":{"line":109,"column":2},"end":{"line":109,"column":14}},"69":{"start":{"line":113,"column":2},"end":{"line":116,"column":39}},"70":{"start":{"line":114,"column":4},"end":{"line":114,"column":31}},"71":{"start":{"line":116,"column":4},"end":{"line":116,"column":39}},"72":{"start":{"line":120,"column":2},"end":{"line":123,"column":45}},"73":{"start":{"line":121,"column":4},"end":{"line":121,"column":37}},"74":{"start":{"line":123,"column":4},"end":{"line":123,"column":45}},"75":{"start":{"line":126,"column":0},"end":{"line":135,"column":2}}},"fnMap":{"0":{"name":"getSignedValue","decl":{"start":{"line":12,"column":9},"end":{"line":12,"column":23}},"loc":{"start":{"line":12,"column":43},"end":{"line":22,"column":1}},"line":12},"1":{"name":"getGasFee","decl":{"start":{"line":24,"column":9},"end":{"line":24,"column":18}},"loc":{"start":{"line":24,"column":23},"end":{"line":29,"column":1}},"line":24},"2":{"name":"getAction","decl":{"start":{"line":31,"column":9},"end":{"line":31,"column":18}},"loc":{"start":{"line":31,"column":38},"end":{"line":39,"column":1}},"line":31},"3":{"name":"getLatestEthBalance","decl":{"start":{"line":41,"column":15},"end":{"line":41,"column":34}},"loc":{"start":{"line":41,"column":42},"end":{"line":45,"column":1}},"line":41},"4":{"name":"getLatestTokBalance","decl":{"start":{"line":47,"column":15},"end":{"line":47,"column":34}},"loc":{"start":{"line":47,"column":50},"end":{"line":52,"column":1}},"line":47},"5":{"name":"getRecsFromTxs","decl":{"start":{"line":54,"column":15},"end":{"line":54,"column":29}},"loc":{"start":{"line":54,"column":49},"end":{"line":82,"column":1}},"line":54},"6":{"name":"getExtRecords","decl":{"start":{"line":84,"column":15},"end":{"line":84,"column":28}},"loc":{"start":{"line":84,"column":36},"end":{"line":88,"column":1}},"line":84},"7":{"name":"getIntRecords","decl":{"start":{"line":90,"column":15},"end":{"line":90,"column":28}},"loc":{"start":{"line":90,"column":36},"end":{"line":94,"column":1}},"line":90},"8":{"name":"getEthRecords","decl":{"start":{"line":96,"column":15},"end":{"line":96,"column":28}},"loc":{"start":{"line":96,"column":36},"end":{"line":103,"column":1}},"line":96},"9":{"name":"(anonymous_9)","decl":{"start":{"line":100,"column":35},"end":{"line":100,"column":36}},"loc":{"start":{"line":100,"column":45},"end":{"line":100,"column":86}},"line":100},"10":{"name":"getTokRecords","decl":{"start":{"line":105,"column":15},"end":{"line":105,"column":28}},"loc":{"start":{"line":105,"column":44},"end":{"line":110,"column":1}},"line":105},"11":{"name":"(anonymous_11)","decl":{"start":{"line":107,"column":33},"end":{"line":107,"column":34}},"loc":{"start":{"line":107,"column":39},"end":{"line":107,"column":64}},"line":107},"12":{"name":"getRecordsFromSymbol","decl":{"start":{"line":112,"column":15},"end":{"line":112,"column":35}},"loc":{"start":{"line":112,"column":50},"end":{"line":117,"column":1}},"line":112},"13":{"name":"getLatestBalanceFromSymbol","decl":{"start":{"line":119,"column":15},"end":{"line":119,"column":41}},"loc":{"start":{"line":119,"column":56},"end":{"line":124,"column":1}},"line":119}},"branchMap":{"0":{"loc":{"start":{"line":15,"column":2},"end":{"line":16,"column":17}},"type":"if","locations":[{"start":{"line":15,"column":2},"end":{"line":16,"column":17}},{"start":{"line":15,"column":2},"end":{"line":16,"column":17}}],"line":15},"1":{"loc":{"start":{"line":18,"column":2},"end":{"line":19,"column":19}},"type":"if","locations":[{"start":{"line":18,"column":2},"end":{"line":19,"column":19}},{"start":{"line":18,"column":2},"end":{"line":19,"column":19}}],"line":18},"2":{"loc":{"start":{"line":25,"column":53},"end":{"line":25,"column":71}},"type":"binary-expr","locations":[{"start":{"line":25,"column":53},"end":{"line":25,"column":64}},{"start":{"line":25,"column":68},"end":{"line":25,"column":71}}],"line":25},"3":{"loc":{"start":{"line":26,"column":34},"end":{"line":26,"column":51}},"type":"binary-expr","locations":[{"start":{"line":26,"column":34},"end":{"line":26,"column":44}},{"start":{"line":26,"column":48},"end":{"line":26,"column":51}}],"line":26},"4":{"loc":{"start":{"line":33,"column":15},"end":{"line":33,"column":36}},"type":"cond-expr","locations":[{"start":{"line":33,"column":27},"end":{"line":33,"column":30}},{"start":{"line":33,"column":33},"end":{"line":33,"column":36}}],"line":33},"5":{"loc":{"start":{"line":35,"column":2},"end":{"line":36,"column":17}},"type":"if","locations":[{"start":{"line":35,"column":2},"end":{"line":36,"column":17}},{"start":{"line":35,"column":2},"end":{"line":36,"column":17}}],"line":35},"6":{"loc":{"start":{"line":35,"column":6},"end":{"line":35,"column":35}},"type":"binary-expr","locations":[{"start":{"line":35,"column":6},"end":{"line":35,"column":13}},{"start":{"line":35,"column":17},"end":{"line":35,"column":35}}],"line":35},"7":{"loc":{"start":{"line":61,"column":19},"end":{"line":61,"column":80}},"type":"cond-expr","locations":[{"start":{"line":61,"column":63},"end":{"line":61,"column":76}},{"start":{"line":61,"column":79},"end":{"line":61,"column":80}}],"line":61},"8":{"loc":{"start":{"line":61,"column":20},"end":{"line":61,"column":59}},"type":"binary-expr","locations":[{"start":{"line":61,"column":21},"end":{"line":61,"column":37}},{"start":{"line":61,"column":43},"end":{"line":61,"column":57}}],"line":61},"9":{"loc":{"start":{"line":113,"column":2},"end":{"line":116,"column":39}},"type":"if","locations":[{"start":{"line":113,"column":2},"end":{"line":116,"column":39}},{"start":{"line":113,"column":2},"end":{"line":116,"column":39}}],"line":113},"10":{"loc":{"start":{"line":120,"column":2},"end":{"line":123,"column":45}},"type":"if","locations":[{"start":{"line":120,"column":2},"end":{"line":123,"column":45}},{"start":{"line":120,"column":2},"end":{"line":123,"column":45}}],"line":120}},"s":{"0":0,"1":0,"2":0,"3":0,"4":0,"5":0,"6":0,"7":0,"8":0,"9":0,"10":0,"11":0,"12":0,"13":0,"14":0,"15":0,"16":0,"17":0,"18":0,"19":0,"20":0,"21":0,"22":0,"23":0,"24":0,"25":0,"26":0,"27":0,"28":0,"29":0,"30":0,"31":0,"32":0,"33":0,"34":0,"35":0,"36":0,"37":0,"38":0,"39":0,"40":0,"41":0,"42":0,"43":0,"44":0,"45":0,"46":0,"47":0,"48":0,"49":0,"50":0,"51":0,"52":0,"53":0,"54":0,"55":0,"56":0,"57":0,"58":0,"59":0,"60":0,"61":0,"62":0,"63":0,"64":0,"65":0,"66":0,"67":0,"68":0,"69":0,"70":0,"71":0,"72":0,"73":0,"74":0,"75":0},"f":{"0":0,"1":0,"2":0,"3":0,"4":0,"5":0,"6":0,"7":0,"8":0,"9":0,"10":0,"11":0,"12":0,"13":0},"b":{"0":[0,0],"1":[0,0],"2":[0,0],"3":[0,0],"4":[0,0],"5":[0,0],"6":[0,0],"7":[0,0],"8":[0,0],"9":[0,0],"10":[0,0]},"all":true},"/data/GIT/ethtax/src/deprecate-XXXX-accessors/accounts/etherscan-accessor/etherscan.spec.js":{"path":"/data/GIT/ethtax/src/deprecate-XXXX-accessors/accounts/etherscan-accessor/etherscan.spec.js","statementMap":{"0":{"start":{"line":3,"column":13},"end":{"line":3,"column":28}},"1":{"start":{"line":4,"column":15},"end":{"line":4,"column":26}},"2":{"start":{"line":6,"column":18},"end":{"line":6,"column":40}},"3":{"start":{"line":7,"column":18},"end":{"line":7,"column":57}},"4":{"start":{"line":8,"column":19},"end":{"line":8,"column":46}},"5":{"start":{"line":10,"column":0},"end":{"line":38,"column":3}},"6":{"start":{"line":13,"column":2},"end":{"line":17,"column":5}},"7":{"start":{"line":14,"column":20},"end":{"line":14,"column":69}},"8":{"start":{"line":15,"column":4},"end":{"line":15,"column":49}},"9":{"start":{"line":16,"column":4},"end":{"line":16,"column":35}},"10":{"start":{"line":19,"column":2},"end":{"line":22,"column":5}},"11":{"start":{"line":20,"column":17},"end":{"line":20,"column":60}},"12":{"start":{"line":21,"column":4},"end":{"line":21,"column":36}},"13":{"start":{"line":24,"column":2},"end":{"line":27,"column":5}},"14":{"start":{"line":25,"column":17},"end":{"line":25,"column":60}},"15":{"start":{"line":26,"column":4},"end":{"line":26,"column":36}},"16":{"start":{"line":29,"column":2},"end":{"line":32,"column":5}},"17":{"start":{"line":30,"column":17},"end":{"line":30,"column":60}},"18":{"start":{"line":31,"column":4},"end":{"line":31,"column":36}},"19":{"start":{"line":34,"column":2},"end":{"line":37,"column":5}},"20":{"start":{"line":35,"column":17},"end":{"line":35,"column":67}},"21":{"start":{"line":36,"column":4},"end":{"line":36,"column":36}}},"fnMap":{"0":{"name":"(anonymous_0)","decl":{"start":{"line":10,"column":22},"end":{"line":10,"column":23}},"loc":{"start":{"line":10,"column":28},"end":{"line":38,"column":1}},"line":10},"1":{"name":"(anonymous_1)","decl":{"start":{"line":13,"column":57},"end":{"line":13,"column":58}},"loc":{"start":{"line":13,"column":69},"end":{"line":17,"column":3}},"line":13},"2":{"name":"(anonymous_2)","decl":{"start":{"line":19,"column":53},"end":{"line":19,"column":54}},"loc":{"start":{"line":19,"column":65},"end":{"line":22,"column":3}},"line":19},"3":{"name":"(anonymous_3)","decl":{"start":{"line":24,"column":53},"end":{"line":24,"column":54}},"loc":{"start":{"line":24,"column":65},"end":{"line":27,"column":3}},"line":24},"4":{"name":"(anonymous_4)","decl":{"start":{"line":29,"column":53},"end":{"line":29,"column":54}},"loc":{"start":{"line":29,"column":65},"end":{"line":32,"column":3}},"line":29},"5":{"name":"(anonymous_5)","decl":{"start":{"line":34,"column":49},"end":{"line":34,"column":50}},"loc":{"start":{"line":34,"column":61},"end":{"line":37,"column":3}},"line":34}},"branchMap":{},"s":{"0":0,"1":0,"2":0,"3":0,"4":0,"5":0,"6":0,"7":0,"8":0,"9":0,"10":0,"11":0,"12":0,"13":0,"14":0,"15":0,"16":0,"17":0,"18":0,"19":0,"20":0,"21":0},"f":{"0":0,"1":0,"2":0,"3":0,"4":0,"5":0},"b":{},"all":true},"/data/GIT/ethtax/src/deprecate-XXXX-accessors/accounts/etherscan/etherscan.spec.js":{"path":"/data/GIT/ethtax/src/deprecate-XXXX-accessors/accounts/etherscan/etherscan.spec.js","statementMap":{"0":{"start":{"line":3,"column":13},"end":{"line":3,"column":28}},"1":{"start":{"line":4,"column":15},"end":{"line":4,"column":26}},"2":{"start":{"line":6,"column":18},"end":{"line":6,"column":40}},"3":{"start":{"line":7,"column":18},"end":{"line":7,"column":57}},"4":{"start":{"line":8,"column":19},"end":{"line":8,"column":46}},"5":{"start":{"line":10,"column":0},"end":{"line":38,"column":3}},"6":{"start":{"line":13,"column":2},"end":{"line":17,"column":5}},"7":{"start":{"line":14,"column":20},"end":{"line":14,"column":69}},"8":{"start":{"line":15,"column":4},"end":{"line":15,"column":49}},"9":{"start":{"line":16,"column":4},"end":{"line":16,"column":35}},"10":{"start":{"line":19,"column":2},"end":{"line":22,"column":5}},"11":{"start":{"line":20,"column":17},"end":{"line":20,"column":60}},"12":{"start":{"line":21,"column":4},"end":{"line":21,"column":36}},"13":{"start":{"line":24,"column":2},"end":{"line":27,"column":5}},"14":{"start":{"line":25,"column":17},"end":{"line":25,"column":60}},"15":{"start":{"line":26,"column":4},"end":{"line":26,"column":36}},"16":{"start":{"line":29,"column":2},"end":{"line":32,"column":5}},"17":{"start":{"line":30,"column":17},"end":{"line":30,"column":60}},"18":{"start":{"line":31,"column":4},"end":{"line":31,"column":36}},"19":{"start":{"line":34,"column":2},"end":{"line":37,"column":5}},"20":{"start":{"line":35,"column":17},"end":{"line":35,"column":67}},"21":{"start":{"line":36,"column":4},"end":{"line":36,"column":36}}},"fnMap":{"0":{"name":"(anonymous_0)","decl":{"start":{"line":10,"column":22},"end":{"line":10,"column":23}},"loc":{"start":{"line":10,"column":28},"end":{"line":38,"column":1}},"line":10},"1":{"name":"(anonymous_1)","decl":{"start":{"line":13,"column":57},"end":{"line":13,"column":58}},"loc":{"start":{"line":13,"column":69},"end":{"line":17,"column":3}},"line":13},"2":{"name":"(anonymous_2)","decl":{"start":{"line":19,"column":53},"end":{"line":19,"column":54}},"loc":{"start":{"line":19,"column":65},"end":{"line":22,"column":3}},"line":19},"3":{"name":"(anonymous_3)","decl":{"start":{"line":24,"column":53},"end":{"line":24,"column":54}},"loc":{"start":{"line":24,"column":65},"end":{"line":27,"column":3}},"line":24},"4":{"name":"(anonymous_4)","decl":{"start":{"line":29,"column":53},"end":{"line":29,"column":54}},"loc":{"start":{"line":29,"column":65},"end":{"line":32,"column":3}},"line":29},"5":{"name":"(anonymous_5)","decl":{"start":{"line":34,"column":49},"end":{"line":34,"column":50}},"loc":{"start":{"line":34,"column":61},"end":{"line":37,"column":3}},"line":34}},"branchMap":{},"s":{"0":0,"1":0,"2":0,"3":0,"4":0,"5":0,"6":0,"7":0,"8":0,"9":0,"10":0,"11":0,"12":0,"13":0,"14":0,"15":0,"16":0,"17":0,"18":0,"19":0,"20":0,"21":0},"f":{"0":0,"1":0,"2":0,"3":0,"4":0,"5":0},"b":{},"all":true},"/data/GIT/ethtax/src/deprecate-XXXX-accessors/accounts/idex-accessor/idex-provider.js":{"path":"/data/GIT/ethtax/src/deprecate-XXXX-accessors/accounts/idex-accessor/idex-provider.js","statementMap":{"0":{"start":{"line":3,"column":15},"end":{"line":3,"column":32}},"1":{"start":{"line":7,"column":19},"end":{"line":7,"column":40}},"2":{"start":{"line":9,"column":20},"end":{"line":9,"column":61}},"3":{"start":{"line":13,"column":15},"end":{"line":13,"column":17}},"4":{"start":{"line":14,"column":25},"end":{"line":14,"column":29}},"5":{"start":{"line":16,"column":2},"end":{"line":35,"column":3}},"6":{"start":{"line":17,"column":4},"end":{"line":18,"column":43}},"7":{"start":{"line":18,"column":6},"end":{"line":18,"column":43}},"8":{"start":{"line":20,"column":4},"end":{"line":34,"column":5}},"9":{"start":{"line":21,"column":18},"end":{"line":24,"column":36}},"10":{"start":{"line":26,"column":21},"end":{"line":26,"column":44}},"11":{"start":{"line":27,"column":6},"end":{"line":28,"column":36}},"12":{"start":{"line":28,"column":8},"end":{"line":28,"column":36}},"13":{"start":{"line":30,"column":6},"end":{"line":30,"column":57}},"14":{"start":{"line":33,"column":6},"end":{"line":33,"column":89}},"15":{"start":{"line":37,"column":2},"end":{"line":37,"column":16}},"16":{"start":{"line":40,"column":22},"end":{"line":40,"column":24}},"17":{"start":{"line":43,"column":14},"end":{"line":43,"column":33}},"18":{"start":{"line":45,"column":2},"end":{"line":48,"column":3}},"19":{"start":{"line":46,"column":20},"end":{"line":46,"column":79}},"20":{"start":{"line":47,"column":4},"end":{"line":47,"column":102}},"21":{"start":{"line":50,"column":2},"end":{"line":50,"column":28}},"22":{"start":{"line":53,"column":24},"end":{"line":53,"column":26}},"23":{"start":{"line":56,"column":2},"end":{"line":59,"column":3}},"24":{"start":{"line":57,"column":20},"end":{"line":57,"column":62}},"25":{"start":{"line":58,"column":4},"end":{"line":58,"column":106}},"26":{"start":{"line":61,"column":2},"end":{"line":61,"column":31}},"27":{"start":{"line":64,"column":0},"end":{"line":67,"column":2}}},"fnMap":{"0":{"name":"getPagedRequest","decl":{"start":{"line":12,"column":15},"end":{"line":12,"column":30}},"loc":{"start":{"line":12,"column":45},"end":{"line":38,"column":1}},"line":12},"1":{"name":"getTradeHistory","decl":{"start":{"line":42,"column":15},"end":{"line":42,"column":30}},"loc":{"start":{"line":42,"column":45},"end":{"line":51,"column":1}},"line":42},"2":{"name":"getBalanceHistory","decl":{"start":{"line":55,"column":15},"end":{"line":55,"column":32}},"loc":{"start":{"line":55,"column":39},"end":{"line":62,"column":1}},"line":55}},"branchMap":{"0":{"loc":{"start":{"line":17,"column":4},"end":{"line":18,"column":43}},"type":"if","locations":[{"start":{"line":17,"column":4},"end":{"line":18,"column":43}},{"start":{"line":17,"column":4},"end":{"line":18,"column":43}}],"line":17},"1":{"loc":{"start":{"line":45,"column":2},"end":{"line":48,"column":3}},"type":"if","locations":[{"start":{"line":45,"column":2},"end":{"line":48,"column":3}},{"start":{"line":45,"column":2},"end":{"line":48,"column":3}}],"line":45},"2":{"loc":{"start":{"line":56,"column":2},"end":{"line":59,"column":3}},"type":"if","locations":[{"start":{"line":56,"column":2},"end":{"line":59,"column":3}},{"start":{"line":56,"column":2},"end":{"line":59,"column":3}}],"line":56}},"s":{"0":0,"1":0,"2":0,"3":0,"4":0,"5":0,"6":0,"7":0,"8":0,"9":0,"10":0,"11":0,"12":0,"13":0,"14":0,"15":0,"16":0,"17":0,"18":0,"19":0,"20":0,"21":0,"22":0,"23":0,"24":0,"25":0,"26":0,"27":0},"f":{"0":0,"1":0,"2":0},"b":{"0":[0,0],"1":[0,0],"2":[0,0]},"all":true},"/data/GIT/ethtax/src/deprecate-XXXX-accessors/accounts/idex-accessor/idex-utils.js":{"path":"/data/GIT/ethtax/src/deprecate-XXXX-accessors/accounts/idex-accessor/idex-utils.js","statementMap":{"0":{"start":{"line":3,"column":15},"end":{"line":3,"column":32}},"1":{"start":{"line":7,"column":19},"end":{"line":7,"column":40}},"2":{"start":{"line":9,"column":15},"end":{"line":9,"column":44}},"3":{"start":{"line":10,"column":20},"end":{"line":10,"column":61}},"4":{"start":{"line":11,"column":15},"end":{"line":11,"column":38}},"5":{"start":{"line":14,"column":15},"end":{"line":14,"column":17}},"6":{"start":{"line":15,"column":25},"end":{"line":15,"column":29}},"7":{"start":{"line":17,"column":2},"end":{"line":36,"column":3}},"8":{"start":{"line":18,"column":4},"end":{"line":19,"column":43}},"9":{"start":{"line":19,"column":6},"end":{"line":19,"column":43}},"10":{"start":{"line":21,"column":4},"end":{"line":35,"column":5}},"11":{"start":{"line":22,"column":18},"end":{"line":25,"column":36}},"12":{"start":{"line":27,"column":21},"end":{"line":27,"column":44}},"13":{"start":{"line":28,"column":6},"end":{"line":29,"column":36}},"14":{"start":{"line":29,"column":8},"end":{"line":29,"column":36}},"15":{"start":{"line":31,"column":6},"end":{"line":31,"column":57}},"16":{"start":{"line":34,"column":6},"end":{"line":34,"column":89}},"17":{"start":{"line":38,"column":2},"end":{"line":38,"column":16}},"18":{"start":{"line":42,"column":18},"end":{"line":42,"column":77}},"19":{"start":{"line":43,"column":2},"end":{"line":43,"column":80}},"20":{"start":{"line":47,"column":18},"end":{"line":47,"column":60}},"21":{"start":{"line":48,"column":2},"end":{"line":48,"column":87}},"22":{"start":{"line":52,"column":2},"end":{"line":53,"column":16}},"23":{"start":{"line":53,"column":4},"end":{"line":53,"column":16}},"24":{"start":{"line":55,"column":2},"end":{"line":56,"column":16}},"25":{"start":{"line":56,"column":4},"end":{"line":56,"column":16}},"26":{"start":{"line":58,"column":2},"end":{"line":59,"column":16}},"27":{"start":{"line":59,"column":4},"end":{"line":59,"column":16}},"28":{"start":{"line":61,"column":2},"end":{"line":62,"column":16}},"29":{"start":{"line":62,"column":4},"end":{"line":62,"column":16}},"30":{"start":{"line":64,"column":2},"end":{"line":64,"column":49}},"31":{"start":{"line":68,"column":17},"end":{"line":68,"column":53}},"32":{"start":{"line":70,"column":2},"end":{"line":71,"column":14}},"33":{"start":{"line":71,"column":4},"end":{"line":71,"column":14}},"34":{"start":{"line":73,"column":2},"end":{"line":74,"column":13}},"35":{"start":{"line":74,"column":4},"end":{"line":74,"column":13}},"36":{"start":{"line":76,"column":2},"end":{"line":76,"column":47}},"37":{"start":{"line":80,"column":2},"end":{"line":81,"column":34}},"38":{"start":{"line":81,"column":4},"end":{"line":81,"column":34}},"39":{"start":{"line":83,"column":2},"end":{"line":84,"column":36}},"40":{"start":{"line":84,"column":4},"end":{"line":84,"column":36}},"41":{"start":{"line":86,"column":2},"end":{"line":86,"column":72}},"42":{"start":{"line":90,"column":2},"end":{"line":91,"column":16}},"43":{"start":{"line":91,"column":4},"end":{"line":91,"column":16}},"44":{"start":{"line":93,"column":2},"end":{"line":94,"column":16}},"45":{"start":{"line":94,"column":4},"end":{"line":94,"column":16}},"46":{"start":{"line":96,"column":2},"end":{"line":96,"column":72}},"47":{"start":{"line":100,"column":2},"end":{"line":101,"column":37}},"48":{"start":{"line":101,"column":4},"end":{"line":101,"column":37}},"49":{"start":{"line":103,"column":2},"end":{"line":103,"column":81}},"50":{"start":{"line":106,"column":0},"end":{"line":113,"column":2}}},"fnMap":{"0":{"name":"getPagedRequest","decl":{"start":{"line":13,"column":15},"end":{"line":13,"column":30}},"loc":{"start":{"line":13,"column":45},"end":{"line":39,"column":1}},"line":13},"1":{"name":"getTradeHistory","decl":{"start":{"line":41,"column":15},"end":{"line":41,"column":30}},"loc":{"start":{"line":41,"column":45},"end":{"line":44,"column":1}},"line":41},"2":{"name":"getBalanceHistory","decl":{"start":{"line":46,"column":15},"end":{"line":46,"column":32}},"loc":{"start":{"line":46,"column":39},"end":{"line":49,"column":1}},"line":46},"3":{"name":"getCtActionFromTradeTx","decl":{"start":{"line":51,"column":9},"end":{"line":51,"column":31}},"loc":{"start":{"line":51,"column":46},"end":{"line":65,"column":1}},"line":51},"4":{"name":"getCtSignFromTradeTx","decl":{"start":{"line":67,"column":9},"end":{"line":67,"column":29}},"loc":{"start":{"line":67,"column":44},"end":{"line":77,"column":1}},"line":67},"5":{"name":"getTokenValueFromBalanceTx","decl":{"start":{"line":79,"column":9},"end":{"line":79,"column":35}},"loc":{"start":{"line":79,"column":45},"end":{"line":87,"column":1}},"line":79},"6":{"name":"getActionFromBalanceTx","decl":{"start":{"line":89,"column":9},"end":{"line":89,"column":31}},"loc":{"start":{"line":89,"column":41},"end":{"line":97,"column":1}},"line":89},"7":{"name":"getRecordsFromSymbol","decl":{"start":{"line":99,"column":15},"end":{"line":99,"column":35}},"loc":{"start":{"line":99,"column":51},"end":{"line":104,"column":1}},"line":99}},"branchMap":{"0":{"loc":{"start":{"line":18,"column":4},"end":{"line":19,"column":43}},"type":"if","locations":[{"start":{"line":18,"column":4},"end":{"line":19,"column":43}},{"start":{"line":18,"column":4},"end":{"line":19,"column":43}}],"line":18},"1":{"loc":{"start":{"line":52,"column":2},"end":{"line":53,"column":16}},"type":"if","locations":[{"start":{"line":52,"column":2},"end":{"line":53,"column":16}},{"start":{"line":52,"column":2},"end":{"line":53,"column":16}}],"line":52},"2":{"loc":{"start":{"line":52,"column":6},"end":{"line":52,"column":50}},"type":"binary-expr","locations":[{"start":{"line":52,"column":7},"end":{"line":52,"column":24}},{"start":{"line":52,"column":30},"end":{"line":52,"column":49}}],"line":52},"3":{"loc":{"start":{"line":55,"column":2},"end":{"line":56,"column":16}},"type":"if","locations":[{"start":{"line":55,"column":2},"end":{"line":56,"column":16}},{"start":{"line":55,"column":2},"end":{"line":56,"column":16}}],"line":55},"4":{"loc":{"start":{"line":55,"column":6},"end":{"line":55,"column":49}},"type":"binary-expr","locations":[{"start":{"line":55,"column":7},"end":{"line":55,"column":24}},{"start":{"line":55,"column":30},"end":{"line":55,"column":48}}],"line":55},"5":{"loc":{"start":{"line":58,"column":2},"end":{"line":59,"column":16}},"type":"if","locations":[{"start":{"line":58,"column":2},"end":{"line":59,"column":16}},{"start":{"line":58,"column":2},"end":{"line":59,"column":16}}],"line":58},"6":{"loc":{"start":{"line":58,"column":6},"end":{"line":58,"column":50}},"type":"binary-expr","locations":[{"start":{"line":58,"column":7},"end":{"line":58,"column":24}},{"start":{"line":58,"column":30},"end":{"line":58,"column":49}}],"line":58},"7":{"loc":{"start":{"line":61,"column":2},"end":{"line":62,"column":16}},"type":"if","locations":[{"start":{"line":61,"column":2},"end":{"line":62,"column":16}},{"start":{"line":61,"column":2},"end":{"line":62,"column":16}}],"line":61},"8":{"loc":{"start":{"line":61,"column":6},"end":{"line":61,"column":49}},"type":"binary-expr","locations":[{"start":{"line":61,"column":7},"end":{"line":61,"column":24}},{"start":{"line":61,"column":30},"end":{"line":61,"column":48}}],"line":61},"9":{"loc":{"start":{"line":70,"column":2},"end":{"line":71,"column":14}},"type":"if","locations":[{"start":{"line":70,"column":2},"end":{"line":71,"column":14}},{"start":{"line":70,"column":2},"end":{"line":71,"column":14}}],"line":70},"10":{"loc":{"start":{"line":70,"column":6},"end":{"line":70,"column":44}},"type":"binary-expr","locations":[{"start":{"line":70,"column":7},"end":{"line":70,"column":22}},{"start":{"line":70,"column":28},"end":{"line":70,"column":43}}],"line":70},"11":{"loc":{"start":{"line":73,"column":2},"end":{"line":74,"column":13}},"type":"if","locations":[{"start":{"line":73,"column":2},"end":{"line":74,"column":13}},{"start":{"line":73,"column":2},"end":{"line":74,"column":13}}],"line":73},"12":{"loc":{"start":{"line":73,"column":6},"end":{"line":73,"column":44}},"type":"binary-expr","locations":[{"start":{"line":73,"column":7},"end":{"line":73,"column":22}},{"start":{"line":73,"column":28},"end":{"line":73,"column":43}}],"line":73},"13":{"loc":{"start":{"line":80,"column":2},"end":{"line":81,"column":34}},"type":"if","locations":[{"start":{"line":80,"column":2},"end":{"line":81,"column":34}},{"start":{"line":80,"column":2},"end":{"line":81,"column":34}}],"line":80},"14":{"loc":{"start":{"line":83,"column":2},"end":{"line":84,"column":36}},"type":"if","locations":[{"start":{"line":83,"column":2},"end":{"line":84,"column":36}},{"start":{"line":83,"column":2},"end":{"line":84,"column":36}}],"line":83},"15":{"loc":{"start":{"line":90,"column":2},"end":{"line":91,"column":16}},"type":"if","locations":[{"start":{"line":90,"column":2},"end":{"line":91,"column":16}},{"start":{"line":90,"column":2},"end":{"line":91,"column":16}}],"line":90},"16":{"loc":{"start":{"line":93,"column":2},"end":{"line":94,"column":16}},"type":"if","locations":[{"start":{"line":93,"column":2},"end":{"line":94,"column":16}},{"start":{"line":93,"column":2},"end":{"line":94,"column":16}}],"line":93},"17":{"loc":{"start":{"line":100,"column":2},"end":{"line":101,"column":37}},"type":"if","locations":[{"start":{"line":100,"column":2},"end":{"line":101,"column":37}},{"start":{"line":100,"column":2},"end":{"line":101,"column":37}}],"line":100}},"s":{"0":0,"1":0,"2":0,"3":0,"4":0,"5":0,"6":0,"7":0,"8":0,"9":0,"10":0,"11":0,"12":0,"13":0,"14":0,"15":0,"16":0,"17":0,"18":0,"19":0,"20":0,"21":0,"22":0,"23":0,"24":0,"25":0,"26":0,"27":0,"28":0,"29":0,"30":0,"31":0,"32":0,"33":0,"34":0,"35":0,"36":0,"37":0,"38":0,"39":0,"40":0,"41":0,"42":0,"43":0,"44":0,"45":0,"46":0,"47":0,"48":0,"49":0,"50":0},"f":{"0":0,"1":0,"2":0,"3":0,"4":0,"5":0,"6":0,"7":0},"b":{"0":[0,0],"1":[0,0],"2":[0,0],"3":[0,0],"4":[0,0],"5":[0,0],"6":[0,0],"7":[0,0],"8":[0,0],"9":[0,0],"10":[0,0],"11":[0,0],"12":[0,0],"13":[0,0],"14":[0,0],"15":[0,0],"16":[0,0],"17":[0,0]},"all":true},"/data/GIT/ethtax/src/deprecate-XXXX-accessors/accounts/idex/idex-provider.js":{"path":"/data/GIT/ethtax/src/deprecate-XXXX-accessors/accounts/idex/idex-provider.js","stateme
[...]
:27,"column":4},"end":{"line":27,"column":32}},"21":{"start":{"line":28,"column":4},"end":{"line":28,"column":34}},"22":{"start":{"line":29,"column":4},"end":{"line":29,"column":34}},"23":{"start":{"line":30,"column":4},"end":{"line":30,"column":32}},"24":{"start":{"line":31,"column":4},"end":{"line":31,"column":34}},"25":{"start":{"line":33,"column":4},"end":{"line":33,"column":34}},"26":{"start":{"line":34,"column":4},"end":{"line":34,"column":30}},"27":{"start":{"line":35,"column":4},"end":{"line":35,"column":30}},"28":{"start":{"line":36,"column":4},"end":{"line":36,"column":26}},"29":{"start":{"line":37,"column":4},"end":{"line":37,"column":34}},"30":{"start":{"line":38,"column":4},"end":{"line":38,"column":39}},"31":{"start":{"line":39,"column":4},"end":{"line":39,"column":38}},"32":{"start":{"line":40,"column":4},"end":{"line":40,"column":34}},"33":{"start":{"line":41,"column":4},"end":{"line":41,"column":38}},"34":{"start":{"line":42,"column":4},"end":{"line":42,"column":38}},"35":{"start":{"line":43,"column":4},"end":{"line":43,"column":34}},"36":{"start":{"line":44,"column":4},"end":{"line":44,"column":38}},"37":{"start":{"line":47,"column":20},"end":{"line":47,"column":47}},"38":{"start":{"line":48,"column":18},"end":{"line":48,"column":43}},"39":{"start":{"line":49,"column":18},"end":{"line":49,"column":43}},"40":{"start":{"line":50,"column":16},"end":{"line":50,"column":39}},"41":{"start":{"line":51,"column":15},"end":{"line":51,"column":85}},"42":{"start":{"line":52,"column":15},"end":{"line":52,"column":120}},"43":{"start":{"line":53,"column":15},"end":{"line":53,"column":120}},"44":{"start":{"line":56,"column":0},"end":{"line":56,"column":35}}},"fnMap":{"0":{"name":"(anonymous_0)","decl":{"start":{"line":19,"column":2},"end":{"line":19,"column":3}},"loc":{"start":{"line":19,"column":137},"end":{"line":45,"column":3}},"line":19},"1":{"name":"(anonymous_1)","decl":{"start":{"line":47,"column":2},"end":{"line":47,"column":3}},"loc":{"start":{"line":47,"column":18},"end":{"line":47,"column":49}},"line":47},"2":{"name":"(anonymous_2)","decl":{"start":{"line":48,"column":2},"end":{"line":48,"column":3}},"loc":{"start":{"line":48,"column":16},"end":{"line":48,"column":45}},"line":48},"3":{"name":"(anonymous_3)","decl":{"start":{"line":49,"column":2},"end":{"line":49,"column":3}},"loc":{"start":{"line":49,"column":16},"end":{"line":49,"column":45}},"line":49},"4":{"name":"(anonymous_4)","decl":{"start":{"line":50,"column":2},"end":{"line":50,"column":3}},"loc":{"start":{"line":50,"column":14},"end":{"line":50,"column":41}},"line":50},"5":{"name":"(anonymous_5)","decl":{"start":{"line":51,"column":2},"end":{"line":51,"column":3}},"loc":{"start":{"line":51,"column":13},"end":{"line":51,"column":87}},"line":51},"6":{"name":"(anonymous_6)","decl":{"start":{"line":52,"column":2},"end":{"line":52,"column":3}},"loc":{"start":{"line":52,"column":13},"end":{"line":52,"column":122}},"line":52},"7":{"name":"(anonymous_7)","decl":{"start":{"line":53,"column":2},"end":{"line":53,"column":3}},"loc":{"start":{"line":53,"column":13},"end":{"line":53,"column":122}},"line":53}},"branchMap":{},"s":{"0":0,"1":0,"2":0,"3":0,"4":0,"5":0,"6":0,"7":0,"8":0,"9":0,"10":0,"11":0,"12":0,"13":0,"14":0,"15":0,"16":0,"17":0,"18":0,"19":0,"20":0,"21":0,"22":0,"23":0,"24":0,"25":0,"26":0,"27":0,"28":0,"29":0,"30":0,"31":0,"32":0,"33":0,"34":0,"35":0,"36":0,"37":0,"38":0,"39":0,"40":0,"41":0,"42":0,"43":0,"44":0},"f":{"0":0,"1":0,"2":0,"3":0,"4":0,"5":0,"6":0,"7":0},"b":{},"all":true},"/data/GIT/ethtax/src/runtime-types/ethereum-address.js":{"path":"/data/GIT/ethtax/src/runtime-types/ethereum-address.js","statementMap":{"0":{"start":{"line":3,"column":10},"end":{"line":3,"column":33}},"1":{"start":{"line":5,"column":24},"end":{"line":8,"column":2}},"2":{"start":{"line":6,"column":2},"end":{"line":7,"column":53}},"3":{"start":{"line":7,"column":4},"end":{"line":7,"column":53}},"4":{"start":{"line":10,"column":0},"end":{"line":10,"column":42}},"5":{"start":{"line":10,"column":26},"end":{"line":10,"column":41}}},"fnMap":{"0":{"name":"(anonymous_0)","decl":{"start":{"line":5,"column":49},"end":{"line":5,"column":50}},"loc":{"start":{"line":5,"column":58},"end":{"line":8,"column":1}},"line":5},"1":{"name":"(anonymous_1)","decl":{"start":{"line":10,"column":20},"end":{"line":10,"column":21}},"loc":{"start":{"line":10,"column":26},"end":{"line":10,"column":41}},"line":10}},"branchMap":{"0":{"loc":{"start":{"line":6,"column":2},"end":{"line":7,"column":53}},"type":"if","locations":[{"start":{"line":6,"column":2},"end":{"line":7,"column":53}},{"start":{"line":6,"column":2},"end":{"line":7,"column":53}}],"line":6}},"s":{"0":0,"1":0,"2":0,"3":0,"4":0,"5":0},"f":{"0":0,"1":0},"b":{"0":[0,0]},"all":true},"/data/GIT/ethtax/src/runtime-types/valid-date.js":{"path":"/data/GIT/ethtax/src/runtime-types/valid-date.js","statementMap":{"0":{"start":{"line":3,"column":10},"end":{"line":3,"column":33}},"1":{"start":{"line":5,"column":18},"end":{"line":8,"column":2}},"2":{"start":{"line":6,"column":2},"end":{"line":7,"column":32}},"3":{"start":{"line":7,"column":4},"end":{"line":7,"column":32}},"4":{"start":{"line":10,"column":0},"end":{"line":10,"column":30}},"5":{"start":{"line":10,"column":20},"end":{"line":10,"column":29}}},"fnMap":{"0":{"name":"(anonymous_0)","decl":{"start":{"line":5,"column":46},"end":{"line":5,"column":47}},"loc":{"start":{"line":5,"column":55},"end":{"line":8,"column":1}},"line":5},"1":{"name":"(anonymous_1)","decl":{"start":{"line":10,"column":14},"end":{"line":10,"column":15}},"loc":{"start":{"line":10,"column":20},"end":{"line":10,"column":29}},"line":10}},"branchMap":{"0":{"loc":{"start":{"line":6,"column":2},"end":{"line":7,"column":32}},"type":"if","locations":[{"start":{"line":6,"column":2},"end":{"line":7,"column":32}},{"start":{"line":6,"column":2},"end":{"line":7,"column":32}}],"line":6}},"s":{"0":0,"1":0,"2":0,"3":0,"4":0,"5":0},"f":{"0":0,"1":0},"b":{"0":[0,0]},"all":true},"/data/GIT/ethtax/src/runtime-types/valid-float.js":{"path":"/data/GIT/ethtax/src/runtime-types/valid-float.js","statementMap":{"0":{"start":{"line":3,"column":10},"end":{"line":3,"column":33}},"1":{"start":{"line":5,"column":19},"end":{"line":8,"column":2}},"2":{"start":{"line":6,"column":2},"end":{"line":7,"column":50}},"3":{"start":{"line":7,"column":4},"end":{"line":7,"column":50}},"4":{"start":{"line":10,"column":0},"end":{"line":10,"column":32}},"5":{"start":{"line":10,"column":21},"end":{"line":10,"column":31}}},"fnMap":{"0":{"name":"(anonymous_0)","decl":{"start":{"line":5,"column":44},"end":{"line":5,"column":45}},"loc":{"start":{"line":5,"column":53},"end":{"line":8,"column":1}},"line":5},"1":{"name":"(anonymous_1)","decl":{"start":{"line":10,"column":15},"end":{"line":10,"column":16}},"loc":{"start":{"line":10,"column":21},"end":{"line":10,"column":31}},"line":10}},"branchMap":{"0":{"loc":{"start":{"line":6,"column":2},"end":{"line":7,"column":50}},"type":"if","locations":[{"start":{"line":6,"column":2},"end":{"line":7,"column":50}},{"start":{"line":6,"column":2},"end":{"line":7,"column":50}}],"line":6},"1":{"loc":{"start":{"line":6,"column":6},"end":{"line":6,"column":38}},"type":"binary-expr","locations":[{"start":{"line":6,"column":6},"end":{"line":6,"column":18}},{"start":{"line":6,"column":22},"end":{"line":6,"column":38}}],"line":6}},"s":{"0":0,"1":0,"2":0,"3":0,"4":0,"5":0},"f":{"0":0,"1":0},"b":{"0":[0,0],"1":[0,0]},"all":true},"/data/GIT/ethtax/src/runtime-types/valid-pos-float.js":{"path":"/data/GIT/ethtax/src/runtime-types/valid-pos-float.js","statementMap":{"0":{"start":{"line":3,"column":0},"end":{"line":3,"column":25}},"1":{"start":{"line":4,"column":10},"end":{"line":4,"column":33}},"2":{"start":{"line":6,"column":22},"end":{"line":9,"column":2}},"3":{"start":{"line":7,"column":2},"end":{"line":8,"column":42}},"4":{"start":{"line":8,"column":4},"end":{"line":8,"column":42}},"5":{"start":{"line":11,"column":0},"end":{"line":11,"column":38}},"6":{"start":{"line":11,"column":24},"end":{"line":11,"column":37}}},"fnMap":{"0":{"name":"(anonymous_0)","decl":{"start":{"line":6,"column":51},"end":{"line":6,"column":52}},"loc":{"start":{"line":6,"column":60},"end":{"line":9,"column":1}},"line":6},"1":{"name":"(anonymous_1)","decl":{"start":{"line":11,"column":18},"end":{"line":11,"column":19}},"loc":{"start":{"line":11,"column":24},"end":{"line":11,"column":37}},"line":11}},"branchMap":{"0":{"loc":{"start":{"line":7,"column":2},"end":{"line":8,"column":42}},"type":"if","locations":[{"start":{"line":7,"column":2},"end":{"line":8,"column":42}},{"start":{"line":7,"column":2},"end":{"line":8,"column":42}}],"line":7}},"s":{"0":0,"1":0,"2":0,"3":0,"4":0,"5":0,"6":0},"f":{"0":0,"1":0},"b":{"0":[0,0]},"all":true},"/data/GIT/ethtax/src/runtime-types/year4-number.js":{"path":"/data/GIT/ethtax/src/runtime-types/year4-number.js","statementMap":{"0":{"start":{"line":3,"column":10},"end":{"line":3,"column":33}},"1":{"start":{"line":5,"column":14},"end":{"line":8,"column":2}},"2":{"start":{"line":6,"column":2},"end":{"line":7,"column":40}},"3":{"start":{"line":7,"column":4},"end":{"line":7,"column":40}},"4":{"start":{"line":10,"column":0},"end":{"line":10,"column":22}},"5":{"start":{"line":10,"column":16},"end":{"line":10,"column":21}}},"fnMap":{"0":{"name":"(anonymous_0)","decl":{"start":{"line":5,"column":39},"end":{"line":5,"column":40}},"loc":{"start":{"line":5,"column":48},"end":{"line":8,"column":1}},"line":5},"1":{"name":"(anonymous_1)","decl":{"start":{"line":10,"column":10},"end":{"line":10,"column":11}},"loc":{"start":{"line":10,"column":16},"end":{"line":10,"column":21}},"line":10}},"branchMap":{"0":{"loc":{"start":{"line":6,"column":2},"end":{"line":7,"column":40}},"type":"if","locations":[{"start":{"line":6,"column":2},"end":{"line":7,"column":40}},{"start":{"line":6,"column":2},"end":{"line":7,"column":40}}],"line":6},"1":{"loc":{"start":{"line":6,"column":6},"end":{"line":6,"column":68}},"type":"binary-expr","locations":[{"start":{"line":6,"column":7},"end":{"line":6,"column":31}},{"start":{"line":6,"column":37},"end":{"line":6,"column":49}},{"start":{"line":6,"column":55},"end":{"line":6,"column":67}}],"line":6}},"s":{"0":0,"1":0,"2":0,"3":0,"4":0,"5":0},"f":{"0":0,"1":0},"b":{"0":[0,0],"1":[0,0,0]},"all":true},"/data/GIT/ethtax/src/utils/logger/index.js":{"path":"/data/GIT/ethtax/src/utils/logger/index.js","statementMap":{"0":{"start":{"line":3,"column":0},"end":{"line":3,"column":37}}},"fnMap":{},"branchMap":{},"s":{"0":0},"f":{},"b":{},"all":true},"/data/GIT/ethtax/src/utils/logger/logger.js":{"path":"/data/GIT/ethtax/src/utils/logger/logger.js","statementMap":{"0":{"start":{"line":3,"column":11},"end":{"line":3,"column":29}},"1":{"start":{"line":4,"column":13},"end":{"line":4,"column":28}},"2":{"start":{"line":6,"column":18},"end":{"line":6,"column":31}},"3":{"start":{"line":10,"column":4},"end":{"line":10,"column":34}},"4":{"start":{"line":11,"column":4},"end":{"line":11,"column":26}},"5":{"start":{"line":12,"column":4},"end":{"line":12,"column":43}},"6":{"start":{"line":13,"column":4},"end":{"line":13,"column":23}},"7":{"start":{"line":17,"column":4},"end":{"line":17,"column":31}},"8":{"start":{"line":21,"column":4},"end":{"line":21,"column":38}},"9":{"start":{"line":25,"column":0},"end":{"line":25,"column":24}}},"fnMap":{"0":{"name":"(anonymous_0)","decl":{"start":{"line":9,"column":2},"end":{"line":9,"column":3}},"loc":{"start":{"line":9,"column":25},"end":{"line":14,"column":3}},"line":9},"1":{"name":"(anonymous_1)","decl":{"start":{"line":16,"column":2},"end":{"line":16,"column":3}},"loc":{"start":{"line":16,"column":18},"end":{"line":18,"column":3}},"line":16},"2":{"name":"(anonymous_2)","decl":{"start":{"line":20,"column":2},"end":{"line":20,"column":3}},"loc":{"start":{"line":20,"column":13},"end":{"line":22,"column":3}},"line":20}},"branchMap":{},"s":{"0":0,"1":0,"2":0,"3":0,"4":0,"5":0,"6":0,"7":0,"8":0,"9":0},"f":{"0":0,"1":0,"2":0},"b":{},"all":true},"/data/GIT/ethtax/src/utils/nested-error/index.js":{"path":"/data/GIT/ethtax/src/utils/nested-error/index.js","statementMap":{"0":{"start":{"line":3,"column":0},"end":{"line":3,"column":43}}},"fnMap":{},"branchMap":{},"s":{"0":0},"f":{},"b":{},"all":true},"/data/GIT/ethtax/src/utils/nested-error/nested-error.js":{"path":"/data/GIT/ethtax/src/utils/nested-error/nested-error.js","statementMap":{"0":{"start":{"line":3,"column":17},"end":{"line":24,"column":1}},"1":{"start":{"line":4,"column":2},"end":{"line":23,"column":3}},"2":{"start":{"line":5,"column":16},"end":{"line":5,"column":38}},"3":{"start":{"line":6,"column":4},"end":{"line":6,"column":21}},"4":{"start":{"line":7,"column":4},"end":{"line":7,"column":26}},"5":{"start":{"line":10,"column":4},"end":{"line":19,"column":6}},"6":{"start":{"line":22,"column":4},"end":{"line":22,"column":15}},"7":{"start":{"line":28,"column":4},"end":{"line":28,"column":21}},"8":{"start":{"line":29,"column":4},"end":{"line":29,"column":43}},"9":{"start":{"line":33,"column":4},"end":{"line":33,"column":50}},"10":{"start":{"line":37,"column":4},"end":{"line":37,"column":43}},"11":{"start":{"line":41,"column":0},"end":{"line":41,"column":29}}},"fnMap":{"0":{"name":"(anonymous_0)","decl":{"start":{"line":3,"column":17},"end":{"line":3,"column":18}},"loc":{"start":{"line":3,"column":26},"end":{"line":24,"column":1}},"line":3},"1":{"name":"(anonymous_1)","decl":{"start":{"line":27,"column":2},"end":{"line":27,"column":3}},"loc":{"start":{"line":27,"column":38},"end":{"line":30,"column":3}},"line":27},"2":{"name":"(anonymous_2)","decl":{"start":{"line":32,"column":2},"end":{"line":32,"column":3}},"loc":{"start":{"line":32,"column":29},"end":{"line":34,"column":3}},"line":32},"3":{"name":"(anonymous_3)","decl":{"start":{"line":36,"column":2},"end":{"line":36,"column":3}},"loc":{"start":{"line":36,"column":19},"end":{"line":38,"column":3}},"line":36}},"branchMap":{"0":{"loc":{"start":{"line":4,"column":2},"end":{"line":23,"column":3}},"type":"if","locations":[{"start":{"line":4,"column":2},"end":{"line":23,"column":3}},{"start":{"line":4,"column":2},"end":{"line":23,"column":3}}],"line":4}},"s":{"0":0,"1":0,"2":0,"3":0,"4":0,"5":0,"6":0,"7":0,"8":0,"9":0,"10":0,"11":0},"f":{"0":0,"1":0,"2":0,"3":0},"b":{"0":[0,0]},"all":true},"/data/GIT/ethtax/src/utils/nested-error/nested-error.spec.js":{"path":"/data/GIT/ethtax/src/utils/nested-error/nested-error.spec.js","statementMap":{"0":{"start":{"line":4,"column":13},"end":{"line":4,"column":43}},"1":{"start":{"line":5,"column":0},"end":{"line":5,"column":14}},"2":{"start":{"line":6,"column":23},"end":{"line":6,"column":39}},"3":{"start":{"line":7,"column":20},"end":{"line":7,"column":45}},"4":{"start":{"line":10,"column":2},"end":{"line":12,"column":5}},"5":{"start":{"line":11,"column":4},"end":{"line":11,"column":60}},"6":{"start":{"line":13,"column":2},"end":{"line":15,"column":5}},"7":{"start":{"line":14,"column":4},"end":{"line":14,"column":43}},"8":{"start":{"line":16,"column":2},"end":{"line":18,"column":5}},"9":{"start":{"line":17,"column":4},"end":{"line":17,"column":51}},"10":{"start":{"line":19,"column":2},"end":{"line":21,"column":5}},"11":{"start":{"line":20,"column":4},"end":{"line":20,"column":75}},"12":{"start":{"line":22,"column":2},"end":{"line":25,"column":5}},"13":{"start":{"line":23,"column":14},"end":{"line":23,"column":49}},"14":{"start":{"line":24,"column":4},"end":{"line":24,"column":75}},"15":{"start":{"line":26,"column":2},"end":{"line":28,"column":5}},"16":{"start":{"line":27,"column":4},"end":{"line":27,"column":43}},"17":{"start":{"line":31,"column":0},"end":{"line":61,"column":3}},"18":{"start":{"line":32,"column":2},"end":{"line":50,"column":7}},"19":{"start":{"line":32,"column":42},"end":{"line":34,"column":3}},"20":{"start":{"line":35,"column":56},"end":{"line":37,"column":5}},"21":{"start":{"line":39,"column":6},"end":{"line":39,"column":36}},"22":{"start":{"line":41,"column":6},"end":{"line":43,"column":9}},"23":{"start":{"line":42,"column":8},"end":{"line":42,"column":52}},"24":{"start":{"line":44,"column":6},"end":{"line":46,"column":9}},"25":{"start":{"line":45,"column":8},"end":{"line":45,"column":75}},"26":{"start":{"line":47,"column":6},"end":{"line":49,"column":9}},"27":{"start":{"line":48,"column":8},"end":{"line":48,"column":58}},"28":{"start":{"line":52,"column":2},"end":{"line":60,"column":7}},"29":{"start":{"line":52,"column":42},"end":{"line":54,"column":3}},"30":{"start":{"line":55,"column":56},"end":{"line":57,"column":5}},"31":{"start":{"line":59,"column":6},"end":{"line":59,"column":36}}},"fnMap":{"0":{"name":"nestedErrorIsValid","decl":{"start":{"line":9,"column":9},"end":{"line":9,"column":27}},"loc":{"start":{"line":9,"column":31},"end":{"line":29,"column":1}},"line":9},"1":{"name":"(anonymous_1)","decl":{"start":{"line":10,"column":21},"end":{"line":10,"column":22}},"loc":{"start":{"line":10,"column":39},"end":{"line":12,"column":3}},"line":10},"2":{"name":"(anonymous_2)","decl":{"start":{"line":13,"column":19},"end":{"line":13,"column":20}},"loc":{"start":{"line":13,"column":37},"end":{"line":15,"column":3}},"line":13},"3":{"name":"(anonymous_3)","decl":{"start":{"line":16,"column":29},"end":{"line":16,"column":30}},"loc":{"start":{"line":16,"column":47},"end":{"line":18,"column":3}},"line":16},"4":{"name":"(anonymous_4)","decl":{"start":{"line":19,"column":47},"end":{"line":19,"column":48}},"loc":{"start":{"line":19,"column":65},"end":{"line":21,"column":3}},"line":19},"5":{"name":"(anonymous_5)","decl":{"start":{"line":22,"column":47},"end":{"line":22,"column":48}},"loc":{"start":{"line":22,"column":65},"end":{"line":25,"column":3}},"line":22},"6":{"name":"(anonymous_6)","decl":{"start":{"line":26,"column":36},"end":{"line":26,"column":37}},"loc":{"start":{"line":26,"column":42},"end":{"line":28,"column":3}},"line":26},"7":{"name":"(anonymous_7)","decl":{"start":{"line":31,"column":37},"end":{"line":31,"column":38}},"loc":{"start":{"line":31,"column":49},"end":{"line":61,"column":1}},"line":31},"8":{"name":"(anonymous_8)","decl":{"start":{"line":32,"column":35},"end":{"line":32,"column":36}},"loc":{"start":{"line":32,"column":42},"end":{"line":34,"column":3}},"line":32},"9":{"name":"(anonymous_9)","decl":{"start":{"line":35,"column":46},"end":{"line":35,"column":47}},"loc":{"start":{"line":35,"column":56},"end":{"line":37,"column":5}},"line":35},"10":{"name":"(anonymous_10)","decl":{"start":{"line":38,"column":22},"end":{"line":38,"column":23}},"loc":{"start":{"line":38,"column":28},"end":{"line":50,"column":5}},"line":38},"11":{"name":"(anonymous_11)","decl":{"start":{"line":41,"column":28},"end":{"line":41,"column":29}},"loc":{"start":{"line":41,"column":46},"end":{"line":43,"column":7}},"line":41},"12":{"name":"(anonymous_12)","decl":{"start":{"line":44,"column":36},"end":{"line":44,"column":37}},"loc":{"start":{"line":44,"column":54},"end":{"line":46,"column":7}},"line":44},"13":{"name":"(anonymous_13)","decl":{"start":{"line":47,"column":34},"end":{"line":47,"column":35}},"loc":{"start":{"line":47,"column":52},"end":{"line":49,"column":7}},"line":47},"14":{"name":"(anonymous_14)","decl":{"start":{"line":52,"column":35},"end":{"line":52,"column":36}},"loc":{"start":{"line":52,"column":42},"end":{"line":54,"column":3}},"line":52},"15":{"name":"(anonymous_15)","decl":{"start":{"line":55,"column":46},"end":{"line":55,"column":47}},"loc":{"start":{"line":55,"column":56},"end":{"line":57,"column":5}},"line":55},"16":{"name":"(anonymous_16)","decl":{"start":{"line":58,"column":22},"end":{"line":58,"column":23}},"loc":{"start":{"line":58,"column":28},"end":{"line":60,"column":5}},"line":58}},"branchMap":{},"s":{"0":0,"1":0,"2":0,"3":0,"4":0,"5":0,"6":0,"7":0,"8":0,"9":0,"10":0,"11":0,"12":0,"13":0,"14":0,"15":0,"16":0,"17":0,"18":0,"19":0,"20":0,"21":0,"22":0,"23":0,"24":0,"25":0,"26":0,"27":0,"28":0,"29":0,"30":0,"31":0},"f":{"0":0,"1":0,"2":0,"3":0,"4":0,"5":0,"6":0,"7":0,"8":0,"9":0,"10":0,"11":0,"12":0,"13":0,"14":0,"15":0,"16":0},"b":{},"all":true}}